<?xml version="1.0" encoding="UTF-8"?>
<robot generator="Robot 3.1.2 (Python 3.8.2 on darwin)" generated="20200509 14:48:40.694" rpa="false">
<suite id="s1" name="Tests" source="/Users/adrianoalmeida/Documents/QANinja_Cursos/desafios_robocamp/adriano_desafio_03/backend/tests">
<suite id="s1-s1" name="Auth" source="/Users/adrianoalmeida/Documents/QANinja_Cursos/desafios_robocamp/adriano_desafio_03/backend/tests/auth">
<suite id="s1-s1-s1" name="Post Token" source="/Users/adrianoalmeida/Documents/QANinja_Cursos/desafios_robocamp/adriano_desafio_03/backend/tests/auth/post_token.robot">
<test id="s1-s1-s1-t1" name="Request Token">
<kw name="New Session" library="services">
<assign>
<var>${endpoint}</var>
</assign>
<kw name="Create Session" library="RequestsLibrary">
<doc>Create Session: create a HTTP session to a server</doc>
<arguments>
<arg>pixel</arg>
<arg>http://pixel-api:3333</arg>
</arguments>
<msg timestamp="20200509 14:48:41.094" level="INFO">Creating Session using : alias=pixel, url=http://pixel-api:3333, headers={},                     cookies={}, auth=None, timeout=None, proxies=None, verify=False,                     debug=0 </msg>
<status status="PASS" starttime="20200509 14:48:41.094" endtime="20200509 14:48:41.094"></status>
</kw>
<msg timestamp="20200509 14:48:41.094" level="INFO">${endpoint} = pixel</msg>
<status status="PASS" starttime="20200509 14:48:41.093" endtime="20200509 14:48:41.094"></status>
</kw>
<kw name="Post Token" library="services">
<arguments>
<arg>didico@ninjapixel.com</arg>
<arg>pwd123</arg>
<arg>${endpoint}</arg>
</arguments>
<assign>
<var>${resp}</var>
</assign>
<kw name="Create Dictionary" library="BuiltIn">
<doc>Creates and returns a dictionary based on the given ``items``.</doc>
<arguments>
<arg>email=${email}</arg>
<arg>password=${pass}</arg>
</arguments>
<assign>
<var>&amp;{payload}</var>
</assign>
<msg timestamp="20200509 14:48:41.095" level="INFO">&amp;{payload} = { email=didico@ninjapixel.com | password=pwd123 }</msg>
<status status="PASS" starttime="20200509 14:48:41.095" endtime="20200509 14:48:41.095"></status>
</kw>
<kw name="Create Dictionary" library="BuiltIn">
<doc>Creates and returns a dictionary based on the given ``items``.</doc>
<arguments>
<arg>Content-Type=application/json</arg>
</arguments>
<assign>
<var>&amp;{headers}</var>
</assign>
<msg timestamp="20200509 14:48:41.096" level="INFO">&amp;{headers} = { Content-Type=application/json }</msg>
<status status="PASS" starttime="20200509 14:48:41.096" endtime="20200509 14:48:41.096"></status>
</kw>
<kw name="Post Request" library="RequestsLibrary">
<doc>Send a POST request on the session object found using the
given `alias`</doc>
<arguments>
<arg>${endpoint}</arg>
<arg>/auth</arg>
<arg>data=${payload}</arg>
<arg>headers=${headers}</arg>
</arguments>
<assign>
<var>${resp}</var>
</assign>
<msg timestamp="20200509 14:48:41.453" level="INFO">POST Request : url=http://pixel-api:3333/auth 
 path_url=/auth 
 headers={'User-Agent': 'python-requests/2.23.0', 'Accept-Encoding': 'gzip, deflate', 'Accept': '*/*', 'Connection': 'keep-alive', 'Content-Type': 'application/json', 'Content-Length': '56'} 
 body={"email": "didico@ninjapixel.com", "password": "pwd123"} 
 </msg>
<msg timestamp="20200509 14:48:41.453" level="INFO">POST Response : url=http://pixel-api:3333/auth 
 status=200, reason=OK 
 body={
    "token": "eyJ0eXAiOiJKV1QiLCJhbGciOiJIUzI1NiJ9.eyJpZCI6MSwiZXhwaXJlIjoiMjAyMC0wNS0wOVQxNzo1Mzo0MS40MzYrMDA6MDAifQ.Q8XKHcC7ITrlLvbkMwVwho_izhf5NVB1jhqQpVcvl4U",
    "expire": "2020-05-09T17:53:41.436+00:00",
    "userId": 1
} 
 </msg>
<msg timestamp="20200509 14:48:41.454" level="INFO">${resp} = &lt;Response [200]&gt;</msg>
<status status="PASS" starttime="20200509 14:48:41.096" endtime="20200509 14:48:41.454"></status>
</kw>
<msg timestamp="20200509 14:48:41.455" level="INFO">${resp} = &lt;Response [200]&gt;</msg>
<status status="PASS" starttime="20200509 14:48:41.094" endtime="20200509 14:48:41.455"></status>
</kw>
<kw name="Status Should Be" library="RequestsLibrary">
<doc>Fails if response status code is different than the expected.</doc>
<arguments>
<arg>200</arg>
<arg>${resp}</arg>
</arguments>
<status status="PASS" starttime="20200509 14:48:41.456" endtime="20200509 14:48:41.457"></status>
</kw>
<kw name="Log" library="BuiltIn">
<doc>Logs the given message with the given level.</doc>
<arguments>
<arg>${resp.text}</arg>
</arguments>
<msg timestamp="20200509 14:48:41.460" level="INFO">{
    "token": "eyJ0eXAiOiJKV1QiLCJhbGciOiJIUzI1NiJ9.eyJpZCI6MSwiZXhwaXJlIjoiMjAyMC0wNS0wOVQxNzo1Mzo0MS40MzYrMDA6MDAifQ.Q8XKHcC7ITrlLvbkMwVwho_izhf5NVB1jhqQpVcvl4U",
    "expire": "2020-05-09T17:53:41.436+00:00",
    "userId": 1
}</msg>
<status status="PASS" starttime="20200509 14:48:41.460" endtime="20200509 14:48:41.461"></status>
</kw>
<status status="PASS" starttime="20200509 14:48:41.093" endtime="20200509 14:48:41.462" critical="yes"></status>
</test>
<test id="s1-s1-s1-t2" name="Incorrect password">
<kw name="New Session" library="services">
<assign>
<var>${endpoint}</var>
</assign>
<kw name="Create Session" library="RequestsLibrary">
<doc>Create Session: create a HTTP session to a server</doc>
<arguments>
<arg>pixel</arg>
<arg>http://pixel-api:3333</arg>
</arguments>
<msg timestamp="20200509 14:48:41.465" level="INFO">Creating Session using : alias=pixel, url=http://pixel-api:3333, headers={},                     cookies={}, auth=None, timeout=None, proxies=None, verify=False,                     debug=0 </msg>
<status status="PASS" starttime="20200509 14:48:41.464" endtime="20200509 14:48:41.466"></status>
</kw>
<msg timestamp="20200509 14:48:41.466" level="INFO">${endpoint} = pixel</msg>
<status status="PASS" starttime="20200509 14:48:41.463" endtime="20200509 14:48:41.466"></status>
</kw>
<kw name="Post Token" library="services">
<arguments>
<arg>didico@ninjapixel.com</arg>
<arg>abc123</arg>
<arg>${endpoint}</arg>
</arguments>
<assign>
<var>${resp}</var>
</assign>
<kw name="Create Dictionary" library="BuiltIn">
<doc>Creates and returns a dictionary based on the given ``items``.</doc>
<arguments>
<arg>email=${email}</arg>
<arg>password=${pass}</arg>
</arguments>
<assign>
<var>&amp;{payload}</var>
</assign>
<msg timestamp="20200509 14:48:41.469" level="INFO">&amp;{payload} = { email=didico@ninjapixel.com | password=abc123 }</msg>
<status status="PASS" starttime="20200509 14:48:41.468" endtime="20200509 14:48:41.469"></status>
</kw>
<kw name="Create Dictionary" library="BuiltIn">
<doc>Creates and returns a dictionary based on the given ``items``.</doc>
<arguments>
<arg>Content-Type=application/json</arg>
</arguments>
<assign>
<var>&amp;{headers}</var>
</assign>
<msg timestamp="20200509 14:48:41.481" level="INFO">&amp;{headers} = { Content-Type=application/json }</msg>
<status status="PASS" starttime="20200509 14:48:41.471" endtime="20200509 14:48:41.481"></status>
</kw>
<kw name="Post Request" library="RequestsLibrary">
<doc>Send a POST request on the session object found using the
given `alias`</doc>
<arguments>
<arg>${endpoint}</arg>
<arg>/auth</arg>
<arg>data=${payload}</arg>
<arg>headers=${headers}</arg>
</arguments>
<assign>
<var>${resp}</var>
</assign>
<msg timestamp="20200509 14:48:41.668" level="INFO">POST Request : url=http://pixel-api:3333/auth 
 path_url=/auth 
 headers={'User-Agent': 'python-requests/2.23.0', 'Accept-Encoding': 'gzip, deflate', 'Accept': '*/*', 'Connection': 'keep-alive', 'Content-Type': 'application/json', 'Content-Length': '56'} 
 body={"email": "didico@ninjapixel.com", "password": "abc123"} 
 </msg>
<msg timestamp="20200509 14:48:41.668" level="INFO">POST Response : url=http://pixel-api:3333/auth 
 status=401, reason=Unauthorized 
 body=Unauthorized 
 </msg>
<msg timestamp="20200509 14:48:41.668" level="INFO">${resp} = &lt;Response [401]&gt;</msg>
<status status="PASS" starttime="20200509 14:48:41.481" endtime="20200509 14:48:41.668"></status>
</kw>
<msg timestamp="20200509 14:48:41.668" level="INFO">${resp} = &lt;Response [401]&gt;</msg>
<status status="PASS" starttime="20200509 14:48:41.466" endtime="20200509 14:48:41.668"></status>
</kw>
<kw name="Status Should Be" library="RequestsLibrary">
<doc>Fails if response status code is different than the expected.</doc>
<arguments>
<arg>401</arg>
<arg>${resp}</arg>
</arguments>
<status status="PASS" starttime="20200509 14:48:41.668" endtime="20200509 14:48:41.669"></status>
</kw>
<kw name="Log" library="BuiltIn">
<doc>Logs the given message with the given level.</doc>
<arguments>
<arg>${resp.text}</arg>
</arguments>
<msg timestamp="20200509 14:48:41.670" level="INFO">Unauthorized</msg>
<status status="PASS" starttime="20200509 14:48:41.669" endtime="20200509 14:48:41.670"></status>
</kw>
<status status="PASS" starttime="20200509 14:48:41.462" endtime="20200509 14:48:41.671" critical="yes"></status>
</test>
<test id="s1-s1-s1-t3" name="Incorrect email">
<kw name="New Session" library="services">
<assign>
<var>${endpoint}</var>
</assign>
<kw name="Create Session" library="RequestsLibrary">
<doc>Create Session: create a HTTP session to a server</doc>
<arguments>
<arg>pixel</arg>
<arg>http://pixel-api:3333</arg>
</arguments>
<msg timestamp="20200509 14:48:41.681" level="INFO">Creating Session using : alias=pixel, url=http://pixel-api:3333, headers={},                     cookies={}, auth=None, timeout=None, proxies=None, verify=False,                     debug=0 </msg>
<status status="PASS" starttime="20200509 14:48:41.681" endtime="20200509 14:48:41.682"></status>
</kw>
<msg timestamp="20200509 14:48:41.682" level="INFO">${endpoint} = pixel</msg>
<status status="PASS" starttime="20200509 14:48:41.681" endtime="20200509 14:48:41.682"></status>
</kw>
<kw name="Post Token" library="services">
<arguments>
<arg>test@ninjapixel.com</arg>
<arg>pwd123</arg>
<arg>${endpoint}</arg>
</arguments>
<assign>
<var>${resp}</var>
</assign>
<kw name="Create Dictionary" library="BuiltIn">
<doc>Creates and returns a dictionary based on the given ``items``.</doc>
<arguments>
<arg>email=${email}</arg>
<arg>password=${pass}</arg>
</arguments>
<assign>
<var>&amp;{payload}</var>
</assign>
<msg timestamp="20200509 14:48:41.683" level="INFO">&amp;{payload} = { email=test@ninjapixel.com | password=pwd123 }</msg>
<status status="PASS" starttime="20200509 14:48:41.682" endtime="20200509 14:48:41.683"></status>
</kw>
<kw name="Create Dictionary" library="BuiltIn">
<doc>Creates and returns a dictionary based on the given ``items``.</doc>
<arguments>
<arg>Content-Type=application/json</arg>
</arguments>
<assign>
<var>&amp;{headers}</var>
</assign>
<msg timestamp="20200509 14:48:41.683" level="INFO">&amp;{headers} = { Content-Type=application/json }</msg>
<status status="PASS" starttime="20200509 14:48:41.683" endtime="20200509 14:48:41.683"></status>
</kw>
<kw name="Post Request" library="RequestsLibrary">
<doc>Send a POST request on the session object found using the
given `alias`</doc>
<arguments>
<arg>${endpoint}</arg>
<arg>/auth</arg>
<arg>data=${payload}</arg>
<arg>headers=${headers}</arg>
</arguments>
<assign>
<var>${resp}</var>
</assign>
<msg timestamp="20200509 14:48:41.704" level="INFO">POST Request : url=http://pixel-api:3333/auth 
 path_url=/auth 
 headers={'User-Agent': 'python-requests/2.23.0', 'Accept-Encoding': 'gzip, deflate', 'Accept': '*/*', 'Connection': 'keep-alive', 'Content-Type': 'application/json', 'Content-Length': '54'} 
 body={"email": "test@ninjapixel.com", "password": "pwd123"} 
 </msg>
<msg timestamp="20200509 14:48:41.704" level="INFO">POST Response : url=http://pixel-api:3333/auth 
 status=401, reason=Unauthorized 
 body=Unauthorized 
 </msg>
<msg timestamp="20200509 14:48:41.704" level="INFO">${resp} = &lt;Response [401]&gt;</msg>
<status status="PASS" starttime="20200509 14:48:41.684" endtime="20200509 14:48:41.704"></status>
</kw>
<msg timestamp="20200509 14:48:41.705" level="INFO">${resp} = &lt;Response [401]&gt;</msg>
<status status="PASS" starttime="20200509 14:48:41.682" endtime="20200509 14:48:41.705"></status>
</kw>
<kw name="Status Should Be" library="RequestsLibrary">
<doc>Fails if response status code is different than the expected.</doc>
<arguments>
<arg>401</arg>
<arg>${resp}</arg>
</arguments>
<status status="PASS" starttime="20200509 14:48:41.705" endtime="20200509 14:48:41.706"></status>
</kw>
<kw name="Log" library="BuiltIn">
<doc>Logs the given message with the given level.</doc>
<arguments>
<arg>${resp.text}</arg>
</arguments>
<msg timestamp="20200509 14:48:41.707" level="INFO">Unauthorized</msg>
<status status="PASS" starttime="20200509 14:48:41.706" endtime="20200509 14:48:41.710"></status>
</kw>
<status status="PASS" starttime="20200509 14:48:41.671" endtime="20200509 14:48:41.716" critical="yes"></status>
</test>
<doc>Testes da rota /auth da Pixel API</doc>
<status status="PASS" starttime="20200509 14:48:40.745" endtime="20200509 14:48:41.719"></status>
</suite>
<status status="PASS" starttime="20200509 14:48:40.735" endtime="20200509 14:48:41.725"></status>
</suite>
<suite id="s1-s2" name="Products" source="/Users/adrianoalmeida/Documents/QANinja_Cursos/desafios_robocamp/adriano_desafio_03/backend/tests/products">
<suite id="s1-s2-s1" name="Delete Product" source="/Users/adrianoalmeida/Documents/QANinja_Cursos/desafios_robocamp/adriano_desafio_03/backend/tests/products/delete_product.robot">
<test id="s1-s2-s1-t1" name="Remover Product">
<kw name="New Session" library="services">
<assign>
<var>${endpoint}</var>
</assign>
<kw name="Create Session" library="RequestsLibrary">
<doc>Create Session: create a HTTP session to a server</doc>
<arguments>
<arg>pixel</arg>
<arg>http://pixel-api:3333</arg>
</arguments>
<msg timestamp="20200509 14:48:41.740" level="INFO">Creating Session using : alias=pixel, url=http://pixel-api:3333, headers={},                     cookies={}, auth=None, timeout=None, proxies=None, verify=False,                     debug=0 </msg>
<status status="PASS" starttime="20200509 14:48:41.740" endtime="20200509 14:48:41.740"></status>
</kw>
<msg timestamp="20200509 14:48:41.740" level="INFO">${endpoint} = pixel</msg>
<status status="PASS" starttime="20200509 14:48:41.740" endtime="20200509 14:48:41.741"></status>
</kw>
<kw name="Get Auth Token" library="services">
<arguments>
<arg>didico@ninjapixel.com</arg>
<arg>pwd123</arg>
<arg>${endpoint}</arg>
</arguments>
<assign>
<var>${token}</var>
</assign>
<kw name="Post Token" library="services">
<arguments>
<arg>${email}</arg>
<arg>${pass}</arg>
<arg>${endpoint}</arg>
</arguments>
<assign>
<var>${resp}</var>
</assign>
<kw name="Create Dictionary" library="BuiltIn">
<doc>Creates and returns a dictionary based on the given ``items``.</doc>
<arguments>
<arg>email=${email}</arg>
<arg>password=${pass}</arg>
</arguments>
<assign>
<var>&amp;{payload}</var>
</assign>
<msg timestamp="20200509 14:48:41.743" level="INFO">&amp;{payload} = { email=didico@ninjapixel.com | password=pwd123 }</msg>
<status status="PASS" starttime="20200509 14:48:41.742" endtime="20200509 14:48:41.743"></status>
</kw>
<kw name="Create Dictionary" library="BuiltIn">
<doc>Creates and returns a dictionary based on the given ``items``.</doc>
<arguments>
<arg>Content-Type=application/json</arg>
</arguments>
<assign>
<var>&amp;{headers}</var>
</assign>
<msg timestamp="20200509 14:48:41.745" level="INFO">&amp;{headers} = { Content-Type=application/json }</msg>
<status status="PASS" starttime="20200509 14:48:41.744" endtime="20200509 14:48:41.745"></status>
</kw>
<kw name="Post Request" library="RequestsLibrary">
<doc>Send a POST request on the session object found using the
given `alias`</doc>
<arguments>
<arg>${endpoint}</arg>
<arg>/auth</arg>
<arg>data=${payload}</arg>
<arg>headers=${headers}</arg>
</arguments>
<assign>
<var>${resp}</var>
</assign>
<msg timestamp="20200509 14:48:41.933" level="INFO">POST Request : url=http://pixel-api:3333/auth 
 path_url=/auth 
 headers={'User-Agent': 'python-requests/2.23.0', 'Accept-Encoding': 'gzip, deflate', 'Accept': '*/*', 'Connection': 'keep-alive', 'Content-Type': 'application/json', 'Content-Length': '56'} 
 body={"email": "didico@ninjapixel.com", "password": "pwd123"} 
 </msg>
<msg timestamp="20200509 14:48:41.933" level="INFO">POST Response : url=http://pixel-api:3333/auth 
 status=200, reason=OK 
 body={
    "token": "eyJ0eXAiOiJKV1QiLCJhbGciOiJIUzI1NiJ9.eyJpZCI6MSwiZXhwaXJlIjoiMjAyMC0wNS0wOVQxNzo1Mzo0MS45MTYrMDA6MDAifQ.uJ2lt6v_z23eW-7JXHsOWPJkJVfWkGfi6c4GX2bn1BI",
    "expire": "2020-05-09T17:53:41.916+00:00",
    "userId": 1
} 
 </msg>
<msg timestamp="20200509 14:48:41.933" level="INFO">${resp} = &lt;Response [200]&gt;</msg>
<status status="PASS" starttime="20200509 14:48:41.745" endtime="20200509 14:48:41.933"></status>
</kw>
<msg timestamp="20200509 14:48:41.934" level="INFO">${resp} = &lt;Response [200]&gt;</msg>
<status status="PASS" starttime="20200509 14:48:41.741" endtime="20200509 14:48:41.934"></status>
</kw>
<kw name="Convert To String" library="BuiltIn">
<doc>Converts the given item to a Unicode string.</doc>
<arguments>
<arg>${resp.json()['token']}</arg>
</arguments>
<assign>
<var>${token}</var>
</assign>
<msg timestamp="20200509 14:48:41.934" level="INFO">${token} = eyJ0eXAiOiJKV1QiLCJhbGciOiJIUzI1NiJ9.eyJpZCI6MSwiZXhwaXJlIjoiMjAyMC0wNS0wOVQxNzo1Mzo0MS45MTYrMDA6MDAifQ.uJ2lt6v_z23eW-7JXHsOWPJkJVfWkGfi6c4GX2bn1BI</msg>
<status status="PASS" starttime="20200509 14:48:41.934" endtime="20200509 14:48:41.934"></status>
</kw>
<msg timestamp="20200509 14:48:41.935" level="INFO">${token} = eyJ0eXAiOiJKV1QiLCJhbGciOiJIUzI1NiJ9.eyJpZCI6MSwiZXhwaXJlIjoiMjAyMC0wNS0wOVQxNzo1Mzo0MS45MTYrMDA6MDAifQ.uJ2lt6v_z23eW-7JXHsOWPJkJVfWkGfi6c4GX2bn1BI</msg>
<status status="PASS" starttime="20200509 14:48:41.741" endtime="20200509 14:48:41.935"></status>
</kw>
<kw name="Get Json" library="services">
<arguments>
<arg>delete.json</arg>
</arguments>
<assign>
<var>${payload}</var>
</assign>
<kw name="Get File" library="OperatingSystem">
<doc>Returns the contents of a specified file.</doc>
<arguments>
<arg>${EXECDIR}/resources/fixtures/${json_file}</arg>
</arguments>
<assign>
<var>${file}</var>
</assign>
<msg timestamp="20200509 14:48:41.936" level="INFO" html="yes">Getting file '&lt;a href="file:///Users/adrianoalmeida/Documents/QANinja_Cursos/desafios_robocamp/adriano_desafio_03/resources/fixtures/delete.json"&gt;/Users/adrianoalmeida/Documents/QANinja_Cursos/desafios_robocamp/adriano_desafio_03/resources/fixtures/delete.json&lt;/a&gt;'.</msg>
<msg timestamp="20200509 14:48:41.936" level="FAIL">FileNotFoundError: [Errno 2] No such file or directory: '/Users/adrianoalmeida/Documents/QANinja_Cursos/desafios_robocamp/adriano_desafio_03/resources/fixtures/delete.json'</msg>
<status status="FAIL" starttime="20200509 14:48:41.935" endtime="20200509 14:48:41.937"></status>
</kw>
<status status="FAIL" starttime="20200509 14:48:41.935" endtime="20200509 14:48:41.937"></status>
</kw>
<tags>
<tag>success</tag>
</tags>
<status status="FAIL" starttime="20200509 14:48:41.739" endtime="20200509 14:48:41.937" critical="yes">FileNotFoundError: [Errno 2] No such file or directory: '/Users/adrianoalmeida/Documents/QANinja_Cursos/desafios_robocamp/adriano_desafio_03/resources/fixtures/delete.json'</status>
</test>
<test id="s1-s2-s1-t2" name="Product Já Removido">
<kw name="New Session" library="services">
<assign>
<var>${endpoint}</var>
</assign>
<kw name="Create Session" library="RequestsLibrary">
<doc>Create Session: create a HTTP session to a server</doc>
<arguments>
<arg>pixel</arg>
<arg>http://pixel-api:3333</arg>
</arguments>
<msg timestamp="20200509 14:48:41.941" level="INFO">Creating Session using : alias=pixel, url=http://pixel-api:3333, headers={},                     cookies={}, auth=None, timeout=None, proxies=None, verify=False,                     debug=0 </msg>
<status status="PASS" starttime="20200509 14:48:41.941" endtime="20200509 14:48:41.942"></status>
</kw>
<msg timestamp="20200509 14:48:41.942" level="INFO">${endpoint} = pixel</msg>
<status status="PASS" starttime="20200509 14:48:41.940" endtime="20200509 14:48:41.942"></status>
</kw>
<kw name="Get Auth Token" library="services">
<arguments>
<arg>didico@ninjapixel.com</arg>
<arg>pwd123</arg>
<arg>${endpoint}</arg>
</arguments>
<assign>
<var>${token}</var>
</assign>
<kw name="Post Token" library="services">
<arguments>
<arg>${email}</arg>
<arg>${pass}</arg>
<arg>${endpoint}</arg>
</arguments>
<assign>
<var>${resp}</var>
</assign>
<kw name="Create Dictionary" library="BuiltIn">
<doc>Creates and returns a dictionary based on the given ``items``.</doc>
<arguments>
<arg>email=${email}</arg>
<arg>password=${pass}</arg>
</arguments>
<assign>
<var>&amp;{payload}</var>
</assign>
<msg timestamp="20200509 14:48:41.944" level="INFO">&amp;{payload} = { email=didico@ninjapixel.com | password=pwd123 }</msg>
<status status="PASS" starttime="20200509 14:48:41.943" endtime="20200509 14:48:41.944"></status>
</kw>
<kw name="Create Dictionary" library="BuiltIn">
<doc>Creates and returns a dictionary based on the given ``items``.</doc>
<arguments>
<arg>Content-Type=application/json</arg>
</arguments>
<assign>
<var>&amp;{headers}</var>
</assign>
<msg timestamp="20200509 14:48:41.945" level="INFO">&amp;{headers} = { Content-Type=application/json }</msg>
<status status="PASS" starttime="20200509 14:48:41.944" endtime="20200509 14:48:41.945"></status>
</kw>
<kw name="Post Request" library="RequestsLibrary">
<doc>Send a POST request on the session object found using the
given `alias`</doc>
<arguments>
<arg>${endpoint}</arg>
<arg>/auth</arg>
<arg>data=${payload}</arg>
<arg>headers=${headers}</arg>
</arguments>
<assign>
<var>${resp}</var>
</assign>
<msg timestamp="20200509 14:48:42.093" level="INFO">POST Request : url=http://pixel-api:3333/auth 
 path_url=/auth 
 headers={'User-Agent': 'python-requests/2.23.0', 'Accept-Encoding': 'gzip, deflate', 'Accept': '*/*', 'Connection': 'keep-alive', 'Content-Type': 'application/json', 'Content-Length': '56'} 
 body={"email": "didico@ninjapixel.com", "password": "pwd123"} 
 </msg>
<msg timestamp="20200509 14:48:42.093" level="INFO">POST Response : url=http://pixel-api:3333/auth 
 status=200, reason=OK 
 body={
    "token": "eyJ0eXAiOiJKV1QiLCJhbGciOiJIUzI1NiJ9.eyJpZCI6MSwiZXhwaXJlIjoiMjAyMC0wNS0wOVQxNzo1Mzo0Mi4wOTUrMDA6MDAifQ.rdRTbvCXMmy1xBvzGVWwyWwtoBZ0Ax4Hy-wyoIWuDgw",
    "expire": "2020-05-09T17:53:42.095+00:00",
    "userId": 1
} 
 </msg>
<msg timestamp="20200509 14:48:42.094" level="INFO">${resp} = &lt;Response [200]&gt;</msg>
<status status="PASS" starttime="20200509 14:48:41.945" endtime="20200509 14:48:42.094"></status>
</kw>
<msg timestamp="20200509 14:48:42.094" level="INFO">${resp} = &lt;Response [200]&gt;</msg>
<status status="PASS" starttime="20200509 14:48:41.943" endtime="20200509 14:48:42.094"></status>
</kw>
<kw name="Convert To String" library="BuiltIn">
<doc>Converts the given item to a Unicode string.</doc>
<arguments>
<arg>${resp.json()['token']}</arg>
</arguments>
<assign>
<var>${token}</var>
</assign>
<msg timestamp="20200509 14:48:42.094" level="INFO">${token} = eyJ0eXAiOiJKV1QiLCJhbGciOiJIUzI1NiJ9.eyJpZCI6MSwiZXhwaXJlIjoiMjAyMC0wNS0wOVQxNzo1Mzo0Mi4wOTUrMDA6MDAifQ.rdRTbvCXMmy1xBvzGVWwyWwtoBZ0Ax4Hy-wyoIWuDgw</msg>
<status status="PASS" starttime="20200509 14:48:42.094" endtime="20200509 14:48:42.094"></status>
</kw>
<msg timestamp="20200509 14:48:42.095" level="INFO">${token} = eyJ0eXAiOiJKV1QiLCJhbGciOiJIUzI1NiJ9.eyJpZCI6MSwiZXhwaXJlIjoiMjAyMC0wNS0wOVQxNzo1Mzo0Mi4wOTUrMDA6MDAifQ.rdRTbvCXMmy1xBvzGVWwyWwtoBZ0Ax4Hy-wyoIWuDgw</msg>
<status status="PASS" starttime="20200509 14:48:41.942" endtime="20200509 14:48:42.095"></status>
</kw>
<kw name="Get Json" library="services">
<arguments>
<arg>delete.json</arg>
</arguments>
<assign>
<var>${payload}</var>
</assign>
<kw name="Get File" library="OperatingSystem">
<doc>Returns the contents of a specified file.</doc>
<arguments>
<arg>${EXECDIR}/resources/fixtures/${json_file}</arg>
</arguments>
<assign>
<var>${file}</var>
</assign>
<msg timestamp="20200509 14:48:42.095" level="INFO" html="yes">Getting file '&lt;a href="file:///Users/adrianoalmeida/Documents/QANinja_Cursos/desafios_robocamp/adriano_desafio_03/resources/fixtures/delete.json"&gt;/Users/adrianoalmeida/Documents/QANinja_Cursos/desafios_robocamp/adriano_desafio_03/resources/fixtures/delete.json&lt;/a&gt;'.</msg>
<msg timestamp="20200509 14:48:42.095" level="FAIL">FileNotFoundError: [Errno 2] No such file or directory: '/Users/adrianoalmeida/Documents/QANinja_Cursos/desafios_robocamp/adriano_desafio_03/resources/fixtures/delete.json'</msg>
<status status="FAIL" starttime="20200509 14:48:42.095" endtime="20200509 14:48:42.096"></status>
</kw>
<status status="FAIL" starttime="20200509 14:48:42.095" endtime="20200509 14:48:42.096"></status>
</kw>
<tags>
<tag>not_found</tag>
</tags>
<status status="FAIL" starttime="20200509 14:48:41.938" endtime="20200509 14:48:42.096" critical="yes">FileNotFoundError: [Errno 2] No such file or directory: '/Users/adrianoalmeida/Documents/QANinja_Cursos/desafios_robocamp/adriano_desafio_03/resources/fixtures/delete.json'</status>
</test>
<test id="s1-s2-s1-t3" name="Precondition Failed">
<kw name="New Session" library="services">
<assign>
<var>${endpoint}</var>
</assign>
<kw name="Create Session" library="RequestsLibrary">
<doc>Create Session: create a HTTP session to a server</doc>
<arguments>
<arg>pixel</arg>
<arg>http://pixel-api:3333</arg>
</arguments>
<msg timestamp="20200509 14:48:42.097" level="INFO">Creating Session using : alias=pixel, url=http://pixel-api:3333, headers={},                     cookies={}, auth=None, timeout=None, proxies=None, verify=False,                     debug=0 </msg>
<status status="PASS" starttime="20200509 14:48:42.097" endtime="20200509 14:48:42.098"></status>
</kw>
<msg timestamp="20200509 14:48:42.098" level="INFO">${endpoint} = pixel</msg>
<status status="PASS" starttime="20200509 14:48:42.097" endtime="20200509 14:48:42.098"></status>
</kw>
<kw name="Get Auth Token" library="services">
<arguments>
<arg>didico@ninjapixel.com</arg>
<arg>pwd123</arg>
<arg>${endpoint}</arg>
</arguments>
<assign>
<var>${token}</var>
</assign>
<kw name="Post Token" library="services">
<arguments>
<arg>${email}</arg>
<arg>${pass}</arg>
<arg>${endpoint}</arg>
</arguments>
<assign>
<var>${resp}</var>
</assign>
<kw name="Create Dictionary" library="BuiltIn">
<doc>Creates and returns a dictionary based on the given ``items``.</doc>
<arguments>
<arg>email=${email}</arg>
<arg>password=${pass}</arg>
</arguments>
<assign>
<var>&amp;{payload}</var>
</assign>
<msg timestamp="20200509 14:48:42.099" level="INFO">&amp;{payload} = { email=didico@ninjapixel.com | password=pwd123 }</msg>
<status status="PASS" starttime="20200509 14:48:42.099" endtime="20200509 14:48:42.099"></status>
</kw>
<kw name="Create Dictionary" library="BuiltIn">
<doc>Creates and returns a dictionary based on the given ``items``.</doc>
<arguments>
<arg>Content-Type=application/json</arg>
</arguments>
<assign>
<var>&amp;{headers}</var>
</assign>
<msg timestamp="20200509 14:48:42.099" level="INFO">&amp;{headers} = { Content-Type=application/json }</msg>
<status status="PASS" starttime="20200509 14:48:42.099" endtime="20200509 14:48:42.099"></status>
</kw>
<kw name="Post Request" library="RequestsLibrary">
<doc>Send a POST request on the session object found using the
given `alias`</doc>
<arguments>
<arg>${endpoint}</arg>
<arg>/auth</arg>
<arg>data=${payload}</arg>
<arg>headers=${headers}</arg>
</arguments>
<assign>
<var>${resp}</var>
</assign>
<msg timestamp="20200509 14:48:42.226" level="INFO">POST Request : url=http://pixel-api:3333/auth 
 path_url=/auth 
 headers={'User-Agent': 'python-requests/2.23.0', 'Accept-Encoding': 'gzip, deflate', 'Accept': '*/*', 'Connection': 'keep-alive', 'Content-Type': 'application/json', 'Content-Length': '56'} 
 body={"email": "didico@ninjapixel.com", "password": "pwd123"} 
 </msg>
<msg timestamp="20200509 14:48:42.226" level="INFO">POST Response : url=http://pixel-api:3333/auth 
 status=200, reason=OK 
 body={
    "token": "eyJ0eXAiOiJKV1QiLCJhbGciOiJIUzI1NiJ9.eyJpZCI6MSwiZXhwaXJlIjoiMjAyMC0wNS0wOVQxNzo1Mzo0Mi4yMjcrMDA6MDAifQ.q3Hj44stYK05BGQZFExgOInS8pxb7Bm3h-QskXpC1sc",
    "expire": "2020-05-09T17:53:42.227+00:00",
    "userId": 1
} 
 </msg>
<msg timestamp="20200509 14:48:42.226" level="INFO">${resp} = &lt;Response [200]&gt;</msg>
<status status="PASS" starttime="20200509 14:48:42.099" endtime="20200509 14:48:42.226"></status>
</kw>
<msg timestamp="20200509 14:48:42.226" level="INFO">${resp} = &lt;Response [200]&gt;</msg>
<status status="PASS" starttime="20200509 14:48:42.098" endtime="20200509 14:48:42.226"></status>
</kw>
<kw name="Convert To String" library="BuiltIn">
<doc>Converts the given item to a Unicode string.</doc>
<arguments>
<arg>${resp.json()['token']}</arg>
</arguments>
<assign>
<var>${token}</var>
</assign>
<msg timestamp="20200509 14:48:42.227" level="INFO">${token} = eyJ0eXAiOiJKV1QiLCJhbGciOiJIUzI1NiJ9.eyJpZCI6MSwiZXhwaXJlIjoiMjAyMC0wNS0wOVQxNzo1Mzo0Mi4yMjcrMDA6MDAifQ.q3Hj44stYK05BGQZFExgOInS8pxb7Bm3h-QskXpC1sc</msg>
<status status="PASS" starttime="20200509 14:48:42.227" endtime="20200509 14:48:42.227"></status>
</kw>
<msg timestamp="20200509 14:48:42.227" level="INFO">${token} = eyJ0eXAiOiJKV1QiLCJhbGciOiJIUzI1NiJ9.eyJpZCI6MSwiZXhwaXJlIjoiMjAyMC0wNS0wOVQxNzo1Mzo0Mi4yMjcrMDA6MDAifQ.q3Hj44stYK05BGQZFExgOInS8pxb7Bm3h-QskXpC1sc</msg>
<status status="PASS" starttime="20200509 14:48:42.098" endtime="20200509 14:48:42.227"></status>
</kw>
<kw name="Delete Product" library="services">
<arguments>
<arg>test</arg>
<arg>${token}</arg>
<arg>${endpoint}</arg>
</arguments>
<assign>
<var>${resp}</var>
</assign>
<kw name="Create Dictionary" library="BuiltIn">
<doc>Creates and returns a dictionary based on the given ``items``.</doc>
<arguments>
<arg>Content-Type=application/json</arg>
<arg>Authorization=JWT ${token}</arg>
</arguments>
<assign>
<var>&amp;{headers}</var>
</assign>
<msg timestamp="20200509 14:48:42.229" level="INFO">&amp;{headers} = { Content-Type=application/json | Authorization=JWT eyJ0eXAiOiJKV1QiLCJhbGciOiJIUzI1NiJ9.eyJpZCI6MSwiZXhwaXJlIjoiMjAyMC0wNS0wOVQxNzo1Mzo0Mi4yMjcrMDA6MDAifQ.q3Hj44stYK05BGQZFExgOInS8pxb7Bm3h-QskXpC1sc ...</msg>
<status status="PASS" starttime="20200509 14:48:42.228" endtime="20200509 14:48:42.229"></status>
</kw>
<kw name="Delete Request" library="RequestsLibrary">
<doc>Send a DELETE request on the session object found using the
given `alias`</doc>
<arguments>
<arg>${endpoint}</arg>
<arg>/products/${id_product}</arg>
<arg>headers=${headers}</arg>
</arguments>
<assign>
<var>${resp}</var>
</assign>
<msg timestamp="20200509 14:48:42.258" level="INFO">DELETE Request : url=http://pixel-api:3333/products/test 
 path_url=/products/test 
 headers={'User-Agent': 'python-requests/2.23.0', 'Accept-Encoding': 'gzip, deflate', 'Accept': '*/*', 'Connection': 'keep-alive', 'Content-Type': 'application/json', 'Authorization': 'JWT eyJ0eXAiOiJKV1QiLCJhbGciOiJIUzI1NiJ9.eyJpZCI6MSwiZXhwaXJlIjoiMjAyMC0wNS0wOVQxNzo1Mzo0Mi4yMjcrMDA6MDAifQ.q3Hj44stYK05BGQZFExgOInS8pxb7Bm3h-QskXpC1sc', 'Content-Length': '0'} 
 body=None 
 </msg>
<msg timestamp="20200509 14:48:42.258" level="INFO">DELETE Response : url=http://pixel-api:3333/products/test 
 status=412, reason=Precondition Failed 
 body={
    "msg": "invalid input syntax for type integer: \"test\""
} 
 </msg>
<msg timestamp="20200509 14:48:42.258" level="INFO">${resp} = &lt;Response [412]&gt;</msg>
<status status="PASS" starttime="20200509 14:48:42.229" endtime="20200509 14:48:42.258"></status>
</kw>
<msg timestamp="20200509 14:48:42.259" level="INFO">${resp} = &lt;Response [412]&gt;</msg>
<status status="PASS" starttime="20200509 14:48:42.228" endtime="20200509 14:48:42.259"></status>
</kw>
<kw name="Status Should Be" library="RequestsLibrary">
<doc>Fails if response status code is different than the expected.</doc>
<arguments>
<arg>412</arg>
<arg>${resp}</arg>
</arguments>
<status status="PASS" starttime="20200509 14:48:42.259" endtime="20200509 14:48:42.259"></status>
</kw>
<kw name="Log" library="BuiltIn">
<doc>Logs the given message with the given level.</doc>
<arguments>
<arg>${resp.text}</arg>
</arguments>
<msg timestamp="20200509 14:48:42.260" level="INFO">{
    "msg": "invalid input syntax for type integer: \"test\""
}</msg>
<status status="PASS" starttime="20200509 14:48:42.260" endtime="20200509 14:48:42.260"></status>
</kw>
<kw name="Should Be Equal" library="BuiltIn">
<doc>Fails if the given objects are unequal.</doc>
<arguments>
<arg>${resp.json()['msg']}</arg>
<arg>invalid input syntax for type integer: \"test\"</arg>
</arguments>
<status status="PASS" starttime="20200509 14:48:42.260" endtime="20200509 14:48:42.261"></status>
</kw>
<kw name="Dictionary Should Contain Value" library="Collections">
<doc>Fails if ``value`` is not found from ``dictionary``.</doc>
<arguments>
<arg>${resp.json()}</arg>
<arg>invalid input syntax for type integer: \"test\"</arg>
</arguments>
<status status="PASS" starttime="20200509 14:48:42.261" endtime="20200509 14:48:42.264"></status>
</kw>
<tags>
<tag>bad_request</tag>
</tags>
<status status="PASS" starttime="20200509 14:48:42.096" endtime="20200509 14:48:42.267" critical="yes"></status>
</test>
<doc>Pixel API na rota Delete /products</doc>
<status status="FAIL" starttime="20200509 14:48:41.734" endtime="20200509 14:48:42.267"></status>
</suite>
<suite id="s1-s2-s2" name="Get Product" source="/Users/adrianoalmeida/Documents/QANinja_Cursos/desafios_robocamp/adriano_desafio_03/backend/tests/products/get_product.robot">
<test id="s1-s2-s2-t1" name="List Products">
<kw name="New Session" library="services">
<assign>
<var>${endpoint}</var>
</assign>
<kw name="Create Session" library="RequestsLibrary">
<doc>Create Session: create a HTTP session to a server</doc>
<arguments>
<arg>pixel</arg>
<arg>http://pixel-api:3333</arg>
</arguments>
<msg timestamp="20200509 14:48:42.275" level="INFO">Creating Session using : alias=pixel, url=http://pixel-api:3333, headers={},                     cookies={}, auth=None, timeout=None, proxies=None, verify=False,                     debug=0 </msg>
<status status="PASS" starttime="20200509 14:48:42.275" endtime="20200509 14:48:42.276"></status>
</kw>
<msg timestamp="20200509 14:48:42.276" level="INFO">${endpoint} = pixel</msg>
<status status="PASS" starttime="20200509 14:48:42.275" endtime="20200509 14:48:42.276"></status>
</kw>
<kw name="Get Auth Token" library="services">
<arguments>
<arg>didico@ninjapixel.com</arg>
<arg>pwd123</arg>
<arg>${endpoint}</arg>
</arguments>
<assign>
<var>${token}</var>
</assign>
<kw name="Post Token" library="services">
<arguments>
<arg>${email}</arg>
<arg>${pass}</arg>
<arg>${endpoint}</arg>
</arguments>
<assign>
<var>${resp}</var>
</assign>
<kw name="Create Dictionary" library="BuiltIn">
<doc>Creates and returns a dictionary based on the given ``items``.</doc>
<arguments>
<arg>email=${email}</arg>
<arg>password=${pass}</arg>
</arguments>
<assign>
<var>&amp;{payload}</var>
</assign>
<msg timestamp="20200509 14:48:42.278" level="INFO">&amp;{payload} = { email=didico@ninjapixel.com | password=pwd123 }</msg>
<status status="PASS" starttime="20200509 14:48:42.278" endtime="20200509 14:48:42.279"></status>
</kw>
<kw name="Create Dictionary" library="BuiltIn">
<doc>Creates and returns a dictionary based on the given ``items``.</doc>
<arguments>
<arg>Content-Type=application/json</arg>
</arguments>
<assign>
<var>&amp;{headers}</var>
</assign>
<msg timestamp="20200509 14:48:42.279" level="INFO">&amp;{headers} = { Content-Type=application/json }</msg>
<status status="PASS" starttime="20200509 14:48:42.279" endtime="20200509 14:48:42.279"></status>
</kw>
<kw name="Post Request" library="RequestsLibrary">
<doc>Send a POST request on the session object found using the
given `alias`</doc>
<arguments>
<arg>${endpoint}</arg>
<arg>/auth</arg>
<arg>data=${payload}</arg>
<arg>headers=${headers}</arg>
</arguments>
<assign>
<var>${resp}</var>
</assign>
<msg timestamp="20200509 14:48:42.434" level="INFO">POST Request : url=http://pixel-api:3333/auth 
 path_url=/auth 
 headers={'User-Agent': 'python-requests/2.23.0', 'Accept-Encoding': 'gzip, deflate', 'Accept': '*/*', 'Connection': 'keep-alive', 'Content-Type': 'application/json', 'Content-Length': '56'} 
 body={"email": "didico@ninjapixel.com", "password": "pwd123"} 
 </msg>
<msg timestamp="20200509 14:48:42.434" level="INFO">POST Response : url=http://pixel-api:3333/auth 
 status=200, reason=OK 
 body={
    "token": "eyJ0eXAiOiJKV1QiLCJhbGciOiJIUzI1NiJ9.eyJpZCI6MSwiZXhwaXJlIjoiMjAyMC0wNS0wOVQxNzo1Mzo0Mi40MzUrMDA6MDAifQ.JKoy4t6aP1oXfjoFbZi8h6Ix-_vwNnrcP9y7V43W1Pg",
    "expire": "2020-05-09T17:53:42.435+00:00",
    "userId": 1
} 
 </msg>
<msg timestamp="20200509 14:48:42.434" level="INFO">${resp} = &lt;Response [200]&gt;</msg>
<status status="PASS" starttime="20200509 14:48:42.279" endtime="20200509 14:48:42.434"></status>
</kw>
<msg timestamp="20200509 14:48:42.434" level="INFO">${resp} = &lt;Response [200]&gt;</msg>
<status status="PASS" starttime="20200509 14:48:42.277" endtime="20200509 14:48:42.434"></status>
</kw>
<kw name="Convert To String" library="BuiltIn">
<doc>Converts the given item to a Unicode string.</doc>
<arguments>
<arg>${resp.json()['token']}</arg>
</arguments>
<assign>
<var>${token}</var>
</assign>
<msg timestamp="20200509 14:48:42.435" level="INFO">${token} = eyJ0eXAiOiJKV1QiLCJhbGciOiJIUzI1NiJ9.eyJpZCI6MSwiZXhwaXJlIjoiMjAyMC0wNS0wOVQxNzo1Mzo0Mi40MzUrMDA6MDAifQ.JKoy4t6aP1oXfjoFbZi8h6Ix-_vwNnrcP9y7V43W1Pg</msg>
<status status="PASS" starttime="20200509 14:48:42.435" endtime="20200509 14:48:42.435"></status>
</kw>
<msg timestamp="20200509 14:48:42.436" level="INFO">${token} = eyJ0eXAiOiJKV1QiLCJhbGciOiJIUzI1NiJ9.eyJpZCI6MSwiZXhwaXJlIjoiMjAyMC0wNS0wOVQxNzo1Mzo0Mi40MzUrMDA6MDAifQ.JKoy4t6aP1oXfjoFbZi8h6Ix-_vwNnrcP9y7V43W1Pg</msg>
<status status="PASS" starttime="20200509 14:48:42.276" endtime="20200509 14:48:42.436"></status>
</kw>
<kw name="Get Json" library="services">
<arguments>
<arg>all_product.json</arg>
</arguments>
<assign>
<var>${payload}</var>
</assign>
<kw name="Get File" library="OperatingSystem">
<doc>Returns the contents of a specified file.</doc>
<arguments>
<arg>${EXECDIR}/resources/fixtures/${json_file}</arg>
</arguments>
<assign>
<var>${file}</var>
</assign>
<msg timestamp="20200509 14:48:42.437" level="INFO" html="yes">Getting file '&lt;a href="file:///Users/adrianoalmeida/Documents/QANinja_Cursos/desafios_robocamp/adriano_desafio_03/resources/fixtures/all_product.json"&gt;/Users/adrianoalmeida/Documents/QANinja_Cursos/desafios_robocamp/adriano_desafio_03/resources/fixtures/all_product.json&lt;/a&gt;'.</msg>
<msg timestamp="20200509 14:48:42.437" level="FAIL">FileNotFoundError: [Errno 2] No such file or directory: '/Users/adrianoalmeida/Documents/QANinja_Cursos/desafios_robocamp/adriano_desafio_03/resources/fixtures/all_product.json'</msg>
<status status="FAIL" starttime="20200509 14:48:42.436" endtime="20200509 14:48:42.437"></status>
</kw>
<status status="FAIL" starttime="20200509 14:48:42.436" endtime="20200509 14:48:42.438"></status>
</kw>
<tags>
<tag>success</tag>
</tags>
<status status="FAIL" starttime="20200509 14:48:42.274" endtime="20200509 14:48:42.438" critical="yes">FileNotFoundError: [Errno 2] No such file or directory: '/Users/adrianoalmeida/Documents/QANinja_Cursos/desafios_robocamp/adriano_desafio_03/resources/fixtures/all_product.json'</status>
</test>
<test id="s1-s2-s2-t2" name="Get Product For Id">
<kw name="New Session" library="services">
<assign>
<var>${endpoint}</var>
</assign>
<kw name="Create Session" library="RequestsLibrary">
<doc>Create Session: create a HTTP session to a server</doc>
<arguments>
<arg>pixel</arg>
<arg>http://pixel-api:3333</arg>
</arguments>
<msg timestamp="20200509 14:48:42.440" level="INFO">Creating Session using : alias=pixel, url=http://pixel-api:3333, headers={},                     cookies={}, auth=None, timeout=None, proxies=None, verify=False,                     debug=0 </msg>
<status status="PASS" starttime="20200509 14:48:42.439" endtime="20200509 14:48:42.440"></status>
</kw>
<msg timestamp="20200509 14:48:42.440" level="INFO">${endpoint} = pixel</msg>
<status status="PASS" starttime="20200509 14:48:42.439" endtime="20200509 14:48:42.440"></status>
</kw>
<kw name="Get Auth Token" library="services">
<arguments>
<arg>didico@ninjapixel.com</arg>
<arg>pwd123</arg>
<arg>${endpoint}</arg>
</arguments>
<assign>
<var>${token}</var>
</assign>
<kw name="Post Token" library="services">
<arguments>
<arg>${email}</arg>
<arg>${pass}</arg>
<arg>${endpoint}</arg>
</arguments>
<assign>
<var>${resp}</var>
</assign>
<kw name="Create Dictionary" library="BuiltIn">
<doc>Creates and returns a dictionary based on the given ``items``.</doc>
<arguments>
<arg>email=${email}</arg>
<arg>password=${pass}</arg>
</arguments>
<assign>
<var>&amp;{payload}</var>
</assign>
<msg timestamp="20200509 14:48:42.443" level="INFO">&amp;{payload} = { email=didico@ninjapixel.com | password=pwd123 }</msg>
<status status="PASS" starttime="20200509 14:48:42.442" endtime="20200509 14:48:42.443"></status>
</kw>
<kw name="Create Dictionary" library="BuiltIn">
<doc>Creates and returns a dictionary based on the given ``items``.</doc>
<arguments>
<arg>Content-Type=application/json</arg>
</arguments>
<assign>
<var>&amp;{headers}</var>
</assign>
<msg timestamp="20200509 14:48:42.443" level="INFO">&amp;{headers} = { Content-Type=application/json }</msg>
<status status="PASS" starttime="20200509 14:48:42.443" endtime="20200509 14:48:42.443"></status>
</kw>
<kw name="Post Request" library="RequestsLibrary">
<doc>Send a POST request on the session object found using the
given `alias`</doc>
<arguments>
<arg>${endpoint}</arg>
<arg>/auth</arg>
<arg>data=${payload}</arg>
<arg>headers=${headers}</arg>
</arguments>
<assign>
<var>${resp}</var>
</assign>
<msg timestamp="20200509 14:48:42.588" level="INFO">POST Request : url=http://pixel-api:3333/auth 
 path_url=/auth 
 headers={'User-Agent': 'python-requests/2.23.0', 'Accept-Encoding': 'gzip, deflate', 'Accept': '*/*', 'Connection': 'keep-alive', 'Content-Type': 'application/json', 'Content-Length': '56'} 
 body={"email": "didico@ninjapixel.com", "password": "pwd123"} 
 </msg>
<msg timestamp="20200509 14:48:42.588" level="INFO">POST Response : url=http://pixel-api:3333/auth 
 status=200, reason=OK 
 body={
    "token": "eyJ0eXAiOiJKV1QiLCJhbGciOiJIUzI1NiJ9.eyJpZCI6MSwiZXhwaXJlIjoiMjAyMC0wNS0wOVQxNzo1Mzo0Mi41ODkrMDA6MDAifQ.VIaju7ZgUx6cPQ4tcImVgvQo-ID4FxXqtAX5Y-N0xms",
    "expire": "2020-05-09T17:53:42.589+00:00",
    "userId": 1
} 
 </msg>
<msg timestamp="20200509 14:48:42.588" level="INFO">${resp} = &lt;Response [200]&gt;</msg>
<status status="PASS" starttime="20200509 14:48:42.443" endtime="20200509 14:48:42.588"></status>
</kw>
<msg timestamp="20200509 14:48:42.588" level="INFO">${resp} = &lt;Response [200]&gt;</msg>
<status status="PASS" starttime="20200509 14:48:42.441" endtime="20200509 14:48:42.588"></status>
</kw>
<kw name="Convert To String" library="BuiltIn">
<doc>Converts the given item to a Unicode string.</doc>
<arguments>
<arg>${resp.json()['token']}</arg>
</arguments>
<assign>
<var>${token}</var>
</assign>
<msg timestamp="20200509 14:48:42.589" level="INFO">${token} = eyJ0eXAiOiJKV1QiLCJhbGciOiJIUzI1NiJ9.eyJpZCI6MSwiZXhwaXJlIjoiMjAyMC0wNS0wOVQxNzo1Mzo0Mi41ODkrMDA6MDAifQ.VIaju7ZgUx6cPQ4tcImVgvQo-ID4FxXqtAX5Y-N0xms</msg>
<status status="PASS" starttime="20200509 14:48:42.588" endtime="20200509 14:48:42.589"></status>
</kw>
<msg timestamp="20200509 14:48:42.589" level="INFO">${token} = eyJ0eXAiOiJKV1QiLCJhbGciOiJIUzI1NiJ9.eyJpZCI6MSwiZXhwaXJlIjoiMjAyMC0wNS0wOVQxNzo1Mzo0Mi41ODkrMDA6MDAifQ.VIaju7ZgUx6cPQ4tcImVgvQo-ID4FxXqtAX5Y-N0xms</msg>
<status status="PASS" starttime="20200509 14:48:42.440" endtime="20200509 14:48:42.589"></status>
</kw>
<kw name="Get Json" library="services">
<arguments>
<arg>get_unique.json</arg>
</arguments>
<assign>
<var>${payload}</var>
</assign>
<kw name="Get File" library="OperatingSystem">
<doc>Returns the contents of a specified file.</doc>
<arguments>
<arg>${EXECDIR}/resources/fixtures/${json_file}</arg>
</arguments>
<assign>
<var>${file}</var>
</assign>
<msg timestamp="20200509 14:48:42.591" level="INFO" html="yes">Getting file '&lt;a href="file:///Users/adrianoalmeida/Documents/QANinja_Cursos/desafios_robocamp/adriano_desafio_03/resources/fixtures/get_unique.json"&gt;/Users/adrianoalmeida/Documents/QANinja_Cursos/desafios_robocamp/adriano_desafio_03/resources/fixtures/get_unique.json&lt;/a&gt;'.</msg>
<msg timestamp="20200509 14:48:42.591" level="FAIL">FileNotFoundError: [Errno 2] No such file or directory: '/Users/adrianoalmeida/Documents/QANinja_Cursos/desafios_robocamp/adriano_desafio_03/resources/fixtures/get_unique.json'</msg>
<status status="FAIL" starttime="20200509 14:48:42.590" endtime="20200509 14:48:42.591"></status>
</kw>
<status status="FAIL" starttime="20200509 14:48:42.590" endtime="20200509 14:48:42.592"></status>
</kw>
<tags>
<tag>success</tag>
</tags>
<status status="FAIL" starttime="20200509 14:48:42.438" endtime="20200509 14:48:42.592" critical="yes">FileNotFoundError: [Errno 2] No such file or directory: '/Users/adrianoalmeida/Documents/QANinja_Cursos/desafios_robocamp/adriano_desafio_03/resources/fixtures/get_unique.json'</status>
</test>
<test id="s1-s2-s2-t3" name="Product Not Found">
<kw name="New Session" library="services">
<assign>
<var>${endpoint}</var>
</assign>
<kw name="Create Session" library="RequestsLibrary">
<doc>Create Session: create a HTTP session to a server</doc>
<arguments>
<arg>pixel</arg>
<arg>http://pixel-api:3333</arg>
</arguments>
<msg timestamp="20200509 14:48:42.602" level="INFO">Creating Session using : alias=pixel, url=http://pixel-api:3333, headers={},                     cookies={}, auth=None, timeout=None, proxies=None, verify=False,                     debug=0 </msg>
<status status="PASS" starttime="20200509 14:48:42.602" endtime="20200509 14:48:42.603"></status>
</kw>
<msg timestamp="20200509 14:48:42.603" level="INFO">${endpoint} = pixel</msg>
<status status="PASS" starttime="20200509 14:48:42.594" endtime="20200509 14:48:42.603"></status>
</kw>
<kw name="Get Auth Token" library="services">
<arguments>
<arg>didico@ninjapixel.com</arg>
<arg>pwd123</arg>
<arg>${endpoint}</arg>
</arguments>
<assign>
<var>${token}</var>
</assign>
<kw name="Post Token" library="services">
<arguments>
<arg>${email}</arg>
<arg>${pass}</arg>
<arg>${endpoint}</arg>
</arguments>
<assign>
<var>${resp}</var>
</assign>
<kw name="Create Dictionary" library="BuiltIn">
<doc>Creates and returns a dictionary based on the given ``items``.</doc>
<arguments>
<arg>email=${email}</arg>
<arg>password=${pass}</arg>
</arguments>
<assign>
<var>&amp;{payload}</var>
</assign>
<msg timestamp="20200509 14:48:42.605" level="INFO">&amp;{payload} = { email=didico@ninjapixel.com | password=pwd123 }</msg>
<status status="PASS" starttime="20200509 14:48:42.604" endtime="20200509 14:48:42.605"></status>
</kw>
<kw name="Create Dictionary" library="BuiltIn">
<doc>Creates and returns a dictionary based on the given ``items``.</doc>
<arguments>
<arg>Content-Type=application/json</arg>
</arguments>
<assign>
<var>&amp;{headers}</var>
</assign>
<msg timestamp="20200509 14:48:42.605" level="INFO">&amp;{headers} = { Content-Type=application/json }</msg>
<status status="PASS" starttime="20200509 14:48:42.605" endtime="20200509 14:48:42.605"></status>
</kw>
<kw name="Post Request" library="RequestsLibrary">
<doc>Send a POST request on the session object found using the
given `alias`</doc>
<arguments>
<arg>${endpoint}</arg>
<arg>/auth</arg>
<arg>data=${payload}</arg>
<arg>headers=${headers}</arg>
</arguments>
<assign>
<var>${resp}</var>
</assign>
<msg timestamp="20200509 14:48:42.787" level="INFO">POST Request : url=http://pixel-api:3333/auth 
 path_url=/auth 
 headers={'User-Agent': 'python-requests/2.23.0', 'Accept-Encoding': 'gzip, deflate', 'Accept': '*/*', 'Connection': 'keep-alive', 'Content-Type': 'application/json', 'Content-Length': '56'} 
 body={"email": "didico@ninjapixel.com", "password": "pwd123"} 
 </msg>
<msg timestamp="20200509 14:48:42.787" level="INFO">POST Response : url=http://pixel-api:3333/auth 
 status=200, reason=OK 
 body={
    "token": "eyJ0eXAiOiJKV1QiLCJhbGciOiJIUzI1NiJ9.eyJpZCI6MSwiZXhwaXJlIjoiMjAyMC0wNS0wOVQxNzo1Mzo0Mi43OTArMDA6MDAifQ.VxmAk8WMsqc84kZwAO9M9cq8VXlombU4k2oudn9aifg",
    "expire": "2020-05-09T17:53:42.790+00:00",
    "userId": 1
} 
 </msg>
<msg timestamp="20200509 14:48:42.787" level="INFO">${resp} = &lt;Response [200]&gt;</msg>
<status status="PASS" starttime="20200509 14:48:42.606" endtime="20200509 14:48:42.788"></status>
</kw>
<msg timestamp="20200509 14:48:42.788" level="INFO">${resp} = &lt;Response [200]&gt;</msg>
<status status="PASS" starttime="20200509 14:48:42.604" endtime="20200509 14:48:42.788"></status>
</kw>
<kw name="Convert To String" library="BuiltIn">
<doc>Converts the given item to a Unicode string.</doc>
<arguments>
<arg>${resp.json()['token']}</arg>
</arguments>
<assign>
<var>${token}</var>
</assign>
<msg timestamp="20200509 14:48:42.788" level="INFO">${token} = eyJ0eXAiOiJKV1QiLCJhbGciOiJIUzI1NiJ9.eyJpZCI6MSwiZXhwaXJlIjoiMjAyMC0wNS0wOVQxNzo1Mzo0Mi43OTArMDA6MDAifQ.VxmAk8WMsqc84kZwAO9M9cq8VXlombU4k2oudn9aifg</msg>
<status status="PASS" starttime="20200509 14:48:42.788" endtime="20200509 14:48:42.789"></status>
</kw>
<msg timestamp="20200509 14:48:42.789" level="INFO">${token} = eyJ0eXAiOiJKV1QiLCJhbGciOiJIUzI1NiJ9.eyJpZCI6MSwiZXhwaXJlIjoiMjAyMC0wNS0wOVQxNzo1Mzo0Mi43OTArMDA6MDAifQ.VxmAk8WMsqc84kZwAO9M9cq8VXlombU4k2oudn9aifg</msg>
<status status="PASS" starttime="20200509 14:48:42.603" endtime="20200509 14:48:42.789"></status>
</kw>
<kw name="Get Product By Id" library="services">
<arguments>
<arg>99999</arg>
<arg>${token}</arg>
<arg>${endpoint}</arg>
</arguments>
<assign>
<var>${resp}</var>
</assign>
<kw name="Create Dictionary" library="BuiltIn">
<doc>Creates and returns a dictionary based on the given ``items``.</doc>
<arguments>
<arg>Content-Type=application/json</arg>
<arg>Authorization=JWT ${token}</arg>
</arguments>
<assign>
<var>&amp;{headers}</var>
</assign>
<msg timestamp="20200509 14:48:42.792" level="INFO">&amp;{headers} = { Content-Type=application/json | Authorization=JWT eyJ0eXAiOiJKV1QiLCJhbGciOiJIUzI1NiJ9.eyJpZCI6MSwiZXhwaXJlIjoiMjAyMC0wNS0wOVQxNzo1Mzo0Mi43OTArMDA6MDAifQ.VxmAk8WMsqc84kZwAO9M9cq8VXlombU4k2oudn9aifg ...</msg>
<status status="PASS" starttime="20200509 14:48:42.790" endtime="20200509 14:48:42.792"></status>
</kw>
<kw name="Get Request" library="RequestsLibrary">
<doc>Send a GET request on the session object found using the
given `alias`</doc>
<arguments>
<arg>${endpoint}</arg>
<arg>/products/${id_product}</arg>
<arg>headers=${headers}</arg>
</arguments>
<assign>
<var>${resp}</var>
</assign>
<msg timestamp="20200509 14:48:42.836" level="INFO">GET Request : url=http://pixel-api:3333/products/99999 
 path_url=/products/99999 
 headers={'User-Agent': 'python-requests/2.23.0', 'Accept-Encoding': 'gzip, deflate', 'Accept': '*/*', 'Connection': 'keep-alive', 'Content-Type': 'application/json', 'Authorization': 'JWT eyJ0eXAiOiJKV1QiLCJhbGciOiJIUzI1NiJ9.eyJpZCI6MSwiZXhwaXJlIjoiMjAyMC0wNS0wOVQxNzo1Mzo0Mi43OTArMDA6MDAifQ.VxmAk8WMsqc84kZwAO9M9cq8VXlombU4k2oudn9aifg'} 
 body=None 
 </msg>
<msg timestamp="20200509 14:48:42.837" level="INFO">GET Response : url=http://pixel-api:3333/products/99999 
 status=404, reason=Not Found 
 body=Not Found 
 </msg>
<msg timestamp="20200509 14:48:42.837" level="INFO">${resp} = &lt;Response [404]&gt;</msg>
<status status="PASS" starttime="20200509 14:48:42.792" endtime="20200509 14:48:42.837"></status>
</kw>
<msg timestamp="20200509 14:48:42.837" level="INFO">${resp} = &lt;Response [404]&gt;</msg>
<status status="PASS" starttime="20200509 14:48:42.789" endtime="20200509 14:48:42.837"></status>
</kw>
<kw name="Status Should Be" library="RequestsLibrary">
<doc>Fails if response status code is different than the expected.</doc>
<arguments>
<arg>404</arg>
<arg>${resp}</arg>
</arguments>
<status status="PASS" starttime="20200509 14:48:42.837" endtime="20200509 14:48:42.838"></status>
</kw>
<kw name="Log" library="BuiltIn">
<doc>Logs the given message with the given level.</doc>
<arguments>
<arg>${resp.text}</arg>
</arguments>
<msg timestamp="20200509 14:48:42.839" level="INFO">Not Found</msg>
<status status="PASS" starttime="20200509 14:48:42.838" endtime="20200509 14:48:42.839"></status>
</kw>
<tags>
<tag>not_found</tag>
</tags>
<status status="PASS" starttime="20200509 14:48:42.593" endtime="20200509 14:48:42.839" critical="yes"></status>
</test>
<test id="s1-s2-s2-t4" name="Precondition Failed">
<kw name="New Session" library="services">
<assign>
<var>${endpoint}</var>
</assign>
<kw name="Create Session" library="RequestsLibrary">
<doc>Create Session: create a HTTP session to a server</doc>
<arguments>
<arg>pixel</arg>
<arg>http://pixel-api:3333</arg>
</arguments>
<msg timestamp="20200509 14:48:42.843" level="INFO">Creating Session using : alias=pixel, url=http://pixel-api:3333, headers={},                     cookies={}, auth=None, timeout=None, proxies=None, verify=False,                     debug=0 </msg>
<status status="PASS" starttime="20200509 14:48:42.841" endtime="20200509 14:48:42.843"></status>
</kw>
<msg timestamp="20200509 14:48:42.843" level="INFO">${endpoint} = pixel</msg>
<status status="PASS" starttime="20200509 14:48:42.840" endtime="20200509 14:48:42.843"></status>
</kw>
<kw name="Get Auth Token" library="services">
<arguments>
<arg>didico@ninjapixel.com</arg>
<arg>pwd123</arg>
<arg>${endpoint}</arg>
</arguments>
<assign>
<var>${token}</var>
</assign>
<kw name="Post Token" library="services">
<arguments>
<arg>${email}</arg>
<arg>${pass}</arg>
<arg>${endpoint}</arg>
</arguments>
<assign>
<var>${resp}</var>
</assign>
<kw name="Create Dictionary" library="BuiltIn">
<doc>Creates and returns a dictionary based on the given ``items``.</doc>
<arguments>
<arg>email=${email}</arg>
<arg>password=${pass}</arg>
</arguments>
<assign>
<var>&amp;{payload}</var>
</assign>
<msg timestamp="20200509 14:48:42.845" level="INFO">&amp;{payload} = { email=didico@ninjapixel.com | password=pwd123 }</msg>
<status status="PASS" starttime="20200509 14:48:42.845" endtime="20200509 14:48:42.845"></status>
</kw>
<kw name="Create Dictionary" library="BuiltIn">
<doc>Creates and returns a dictionary based on the given ``items``.</doc>
<arguments>
<arg>Content-Type=application/json</arg>
</arguments>
<assign>
<var>&amp;{headers}</var>
</assign>
<msg timestamp="20200509 14:48:42.846" level="INFO">&amp;{headers} = { Content-Type=application/json }</msg>
<status status="PASS" starttime="20200509 14:48:42.846" endtime="20200509 14:48:42.846"></status>
</kw>
<kw name="Post Request" library="RequestsLibrary">
<doc>Send a POST request on the session object found using the
given `alias`</doc>
<arguments>
<arg>${endpoint}</arg>
<arg>/auth</arg>
<arg>data=${payload}</arg>
<arg>headers=${headers}</arg>
</arguments>
<assign>
<var>${resp}</var>
</assign>
<msg timestamp="20200509 14:48:42.981" level="INFO">POST Request : url=http://pixel-api:3333/auth 
 path_url=/auth 
 headers={'User-Agent': 'python-requests/2.23.0', 'Accept-Encoding': 'gzip, deflate', 'Accept': '*/*', 'Connection': 'keep-alive', 'Content-Type': 'application/json', 'Content-Length': '56'} 
 body={"email": "didico@ninjapixel.com", "password": "pwd123"} 
 </msg>
<msg timestamp="20200509 14:48:42.981" level="INFO">POST Response : url=http://pixel-api:3333/auth 
 status=200, reason=OK 
 body={
    "token": "eyJ0eXAiOiJKV1QiLCJhbGciOiJIUzI1NiJ9.eyJpZCI6MSwiZXhwaXJlIjoiMjAyMC0wNS0wOVQxNzo1Mzo0Mi45NzkrMDA6MDAifQ.nmVeneiDmBz_S1ekkZyBPPR5gdpGQ-ttJUIkih6CleI",
    "expire": "2020-05-09T17:53:42.979+00:00",
    "userId": 1
} 
 </msg>
<msg timestamp="20200509 14:48:42.981" level="INFO">${resp} = &lt;Response [200]&gt;</msg>
<status status="PASS" starttime="20200509 14:48:42.846" endtime="20200509 14:48:42.981"></status>
</kw>
<msg timestamp="20200509 14:48:42.982" level="INFO">${resp} = &lt;Response [200]&gt;</msg>
<status status="PASS" starttime="20200509 14:48:42.844" endtime="20200509 14:48:42.982"></status>
</kw>
<kw name="Convert To String" library="BuiltIn">
<doc>Converts the given item to a Unicode string.</doc>
<arguments>
<arg>${resp.json()['token']}</arg>
</arguments>
<assign>
<var>${token}</var>
</assign>
<msg timestamp="20200509 14:48:42.982" level="INFO">${token} = eyJ0eXAiOiJKV1QiLCJhbGciOiJIUzI1NiJ9.eyJpZCI6MSwiZXhwaXJlIjoiMjAyMC0wNS0wOVQxNzo1Mzo0Mi45NzkrMDA6MDAifQ.nmVeneiDmBz_S1ekkZyBPPR5gdpGQ-ttJUIkih6CleI</msg>
<status status="PASS" starttime="20200509 14:48:42.982" endtime="20200509 14:48:42.982"></status>
</kw>
<msg timestamp="20200509 14:48:42.983" level="INFO">${token} = eyJ0eXAiOiJKV1QiLCJhbGciOiJIUzI1NiJ9.eyJpZCI6MSwiZXhwaXJlIjoiMjAyMC0wNS0wOVQxNzo1Mzo0Mi45NzkrMDA6MDAifQ.nmVeneiDmBz_S1ekkZyBPPR5gdpGQ-ttJUIkih6CleI</msg>
<status status="PASS" starttime="20200509 14:48:42.844" endtime="20200509 14:48:42.983"></status>
</kw>
<kw name="Get Product By Id" library="services">
<arguments>
<arg>test</arg>
<arg>${token}</arg>
<arg>${endpoint}</arg>
</arguments>
<assign>
<var>${resp}</var>
</assign>
<kw name="Create Dictionary" library="BuiltIn">
<doc>Creates and returns a dictionary based on the given ``items``.</doc>
<arguments>
<arg>Content-Type=application/json</arg>
<arg>Authorization=JWT ${token}</arg>
</arguments>
<assign>
<var>&amp;{headers}</var>
</assign>
<msg timestamp="20200509 14:48:42.983" level="INFO">&amp;{headers} = { Content-Type=application/json | Authorization=JWT eyJ0eXAiOiJKV1QiLCJhbGciOiJIUzI1NiJ9.eyJpZCI6MSwiZXhwaXJlIjoiMjAyMC0wNS0wOVQxNzo1Mzo0Mi45NzkrMDA6MDAifQ.nmVeneiDmBz_S1ekkZyBPPR5gdpGQ-ttJUIkih6CleI ...</msg>
<status status="PASS" starttime="20200509 14:48:42.983" endtime="20200509 14:48:42.983"></status>
</kw>
<kw name="Get Request" library="RequestsLibrary">
<doc>Send a GET request on the session object found using the
given `alias`</doc>
<arguments>
<arg>${endpoint}</arg>
<arg>/products/${id_product}</arg>
<arg>headers=${headers}</arg>
</arguments>
<assign>
<var>${resp}</var>
</assign>
<msg timestamp="20200509 14:48:43.032" level="INFO">GET Request : url=http://pixel-api:3333/products/test 
 path_url=/products/test 
 headers={'User-Agent': 'python-requests/2.23.0', 'Accept-Encoding': 'gzip, deflate', 'Accept': '*/*', 'Connection': 'keep-alive', 'Content-Type': 'application/json', 'Authorization': 'JWT eyJ0eXAiOiJKV1QiLCJhbGciOiJIUzI1NiJ9.eyJpZCI6MSwiZXhwaXJlIjoiMjAyMC0wNS0wOVQxNzo1Mzo0Mi45NzkrMDA6MDAifQ.nmVeneiDmBz_S1ekkZyBPPR5gdpGQ-ttJUIkih6CleI'} 
 body=None 
 </msg>
<msg timestamp="20200509 14:48:43.032" level="INFO">GET Response : url=http://pixel-api:3333/products/test 
 status=412, reason=Precondition Failed 
 body={
    "msg": "invalid input syntax for type integer: \"test\""
} 
 </msg>
<msg timestamp="20200509 14:48:43.032" level="INFO">${resp} = &lt;Response [412]&gt;</msg>
<status status="PASS" starttime="20200509 14:48:42.984" endtime="20200509 14:48:43.032"></status>
</kw>
<msg timestamp="20200509 14:48:43.032" level="INFO">${resp} = &lt;Response [412]&gt;</msg>
<status status="PASS" starttime="20200509 14:48:42.983" endtime="20200509 14:48:43.032"></status>
</kw>
<kw name="Status Should Be" library="RequestsLibrary">
<doc>Fails if response status code is different than the expected.</doc>
<arguments>
<arg>412</arg>
<arg>${resp}</arg>
</arguments>
<status status="PASS" starttime="20200509 14:48:43.033" endtime="20200509 14:48:43.033"></status>
</kw>
<kw name="Log" library="BuiltIn">
<doc>Logs the given message with the given level.</doc>
<arguments>
<arg>${resp.text}</arg>
</arguments>
<msg timestamp="20200509 14:48:43.033" level="INFO">{
    "msg": "invalid input syntax for type integer: \"test\""
}</msg>
<status status="PASS" starttime="20200509 14:48:43.033" endtime="20200509 14:48:43.033"></status>
</kw>
<kw name="Should Be Equal" library="BuiltIn">
<doc>Fails if the given objects are unequal.</doc>
<arguments>
<arg>${resp.json()['msg']}</arg>
<arg>invalid input syntax for type integer: \"test\"</arg>
</arguments>
<status status="PASS" starttime="20200509 14:48:43.034" endtime="20200509 14:48:43.034"></status>
</kw>
<kw name="Dictionary Should Contain Value" library="Collections">
<doc>Fails if ``value`` is not found from ``dictionary``.</doc>
<arguments>
<arg>${resp.json()}</arg>
<arg>invalid input syntax for type integer: \"test\"</arg>
</arguments>
<status status="PASS" starttime="20200509 14:48:43.035" endtime="20200509 14:48:43.035"></status>
</kw>
<tags>
<tag>bad_request</tag>
</tags>
<status status="PASS" starttime="20200509 14:48:42.840" endtime="20200509 14:48:43.035" critical="yes"></status>
</test>
<doc>Pixel API na rota GET /products</doc>
<status status="FAIL" starttime="20200509 14:48:42.268" endtime="20200509 14:48:43.037"></status>
</suite>
<suite id="s1-s2-s3" name="Post Product" source="/Users/adrianoalmeida/Documents/QANinja_Cursos/desafios_robocamp/adriano_desafio_03/backend/tests/products/post_product.robot">
<test id="s1-s2-s3-t1" name="Create New Product">
<kw name="New Session" library="services">
<assign>
<var>${endpoint}</var>
</assign>
<kw name="Create Session" library="RequestsLibrary">
<doc>Create Session: create a HTTP session to a server</doc>
<arguments>
<arg>pixel</arg>
<arg>http://pixel-api:3333</arg>
</arguments>
<msg timestamp="20200509 14:48:43.049" level="INFO">Creating Session using : alias=pixel, url=http://pixel-api:3333, headers={},                     cookies={}, auth=None, timeout=None, proxies=None, verify=False,                     debug=0 </msg>
<status status="PASS" starttime="20200509 14:48:43.049" endtime="20200509 14:48:43.050"></status>
</kw>
<msg timestamp="20200509 14:48:43.050" level="INFO">${endpoint} = pixel</msg>
<status status="PASS" starttime="20200509 14:48:43.048" endtime="20200509 14:48:43.050"></status>
</kw>
<kw name="Get Auth Token" library="services">
<arguments>
<arg>didico@ninjapixel.com</arg>
<arg>pwd123</arg>
<arg>${endpoint}</arg>
</arguments>
<assign>
<var>${token}</var>
</assign>
<kw name="Post Token" library="services">
<arguments>
<arg>${email}</arg>
<arg>${pass}</arg>
<arg>${endpoint}</arg>
</arguments>
<assign>
<var>${resp}</var>
</assign>
<kw name="Create Dictionary" library="BuiltIn">
<doc>Creates and returns a dictionary based on the given ``items``.</doc>
<arguments>
<arg>email=${email}</arg>
<arg>password=${pass}</arg>
</arguments>
<assign>
<var>&amp;{payload}</var>
</assign>
<msg timestamp="20200509 14:48:43.051" level="INFO">&amp;{payload} = { email=didico@ninjapixel.com | password=pwd123 }</msg>
<status status="PASS" starttime="20200509 14:48:43.051" endtime="20200509 14:48:43.051"></status>
</kw>
<kw name="Create Dictionary" library="BuiltIn">
<doc>Creates and returns a dictionary based on the given ``items``.</doc>
<arguments>
<arg>Content-Type=application/json</arg>
</arguments>
<assign>
<var>&amp;{headers}</var>
</assign>
<msg timestamp="20200509 14:48:43.052" level="INFO">&amp;{headers} = { Content-Type=application/json }</msg>
<status status="PASS" starttime="20200509 14:48:43.052" endtime="20200509 14:48:43.052"></status>
</kw>
<kw name="Post Request" library="RequestsLibrary">
<doc>Send a POST request on the session object found using the
given `alias`</doc>
<arguments>
<arg>${endpoint}</arg>
<arg>/auth</arg>
<arg>data=${payload}</arg>
<arg>headers=${headers}</arg>
</arguments>
<assign>
<var>${resp}</var>
</assign>
<msg timestamp="20200509 14:48:43.195" level="INFO">POST Request : url=http://pixel-api:3333/auth 
 path_url=/auth 
 headers={'User-Agent': 'python-requests/2.23.0', 'Accept-Encoding': 'gzip, deflate', 'Accept': '*/*', 'Connection': 'keep-alive', 'Content-Type': 'application/json', 'Content-Length': '56'} 
 body={"email": "didico@ninjapixel.com", "password": "pwd123"} 
 </msg>
<msg timestamp="20200509 14:48:43.196" level="INFO">POST Response : url=http://pixel-api:3333/auth 
 status=200, reason=OK 
 body={
    "token": "eyJ0eXAiOiJKV1QiLCJhbGciOiJIUzI1NiJ9.eyJpZCI6MSwiZXhwaXJlIjoiMjAyMC0wNS0wOVQxNzo1Mzo0My4xOTkrMDA6MDAifQ.52Pv1TB60MXEoMyhhIfR7l6iX4ChcqBA2QiYD63fTIo",
    "expire": "2020-05-09T17:53:43.199+00:00",
    "userId": 1
} 
 </msg>
<msg timestamp="20200509 14:48:43.196" level="INFO">${resp} = &lt;Response [200]&gt;</msg>
<status status="PASS" starttime="20200509 14:48:43.053" endtime="20200509 14:48:43.196"></status>
</kw>
<msg timestamp="20200509 14:48:43.196" level="INFO">${resp} = &lt;Response [200]&gt;</msg>
<status status="PASS" starttime="20200509 14:48:43.050" endtime="20200509 14:48:43.196"></status>
</kw>
<kw name="Convert To String" library="BuiltIn">
<doc>Converts the given item to a Unicode string.</doc>
<arguments>
<arg>${resp.json()['token']}</arg>
</arguments>
<assign>
<var>${token}</var>
</assign>
<msg timestamp="20200509 14:48:43.197" level="INFO">${token} = eyJ0eXAiOiJKV1QiLCJhbGciOiJIUzI1NiJ9.eyJpZCI6MSwiZXhwaXJlIjoiMjAyMC0wNS0wOVQxNzo1Mzo0My4xOTkrMDA6MDAifQ.52Pv1TB60MXEoMyhhIfR7l6iX4ChcqBA2QiYD63fTIo</msg>
<status status="PASS" starttime="20200509 14:48:43.196" endtime="20200509 14:48:43.197"></status>
</kw>
<msg timestamp="20200509 14:48:43.197" level="INFO">${token} = eyJ0eXAiOiJKV1QiLCJhbGciOiJIUzI1NiJ9.eyJpZCI6MSwiZXhwaXJlIjoiMjAyMC0wNS0wOVQxNzo1Mzo0My4xOTkrMDA6MDAifQ.52Pv1TB60MXEoMyhhIfR7l6iX4ChcqBA2QiYD63fTIo</msg>
<status status="PASS" starttime="20200509 14:48:43.050" endtime="20200509 14:48:43.197"></status>
</kw>
<kw name="Get Json" library="services">
<arguments>
<arg>post.json</arg>
</arguments>
<assign>
<var>${payload}</var>
</assign>
<kw name="Get File" library="OperatingSystem">
<doc>Returns the contents of a specified file.</doc>
<arguments>
<arg>${EXECDIR}/resources/fixtures/${json_file}</arg>
</arguments>
<assign>
<var>${file}</var>
</assign>
<msg timestamp="20200509 14:48:43.198" level="INFO" html="yes">Getting file '&lt;a href="file:///Users/adrianoalmeida/Documents/QANinja_Cursos/desafios_robocamp/adriano_desafio_03/resources/fixtures/post.json"&gt;/Users/adrianoalmeida/Documents/QANinja_Cursos/desafios_robocamp/adriano_desafio_03/resources/fixtures/post.json&lt;/a&gt;'.</msg>
<msg timestamp="20200509 14:48:43.199" level="FAIL">FileNotFoundError: [Errno 2] No such file or directory: '/Users/adrianoalmeida/Documents/QANinja_Cursos/desafios_robocamp/adriano_desafio_03/resources/fixtures/post.json'</msg>
<status status="FAIL" starttime="20200509 14:48:43.198" endtime="20200509 14:48:43.199"></status>
</kw>
<status status="FAIL" starttime="20200509 14:48:43.198" endtime="20200509 14:48:43.199"></status>
</kw>
<tags>
<tag>success</tag>
</tags>
<status status="FAIL" starttime="20200509 14:48:43.048" endtime="20200509 14:48:43.199" critical="yes">FileNotFoundError: [Errno 2] No such file or directory: '/Users/adrianoalmeida/Documents/QANinja_Cursos/desafios_robocamp/adriano_desafio_03/resources/fixtures/post.json'</status>
</test>
<test id="s1-s2-s3-t2" name="Post Required Title">
<kw name="New Session" library="services">
<assign>
<var>${endpoint}</var>
</assign>
<kw name="Create Session" library="RequestsLibrary">
<doc>Create Session: create a HTTP session to a server</doc>
<arguments>
<arg>pixel</arg>
<arg>http://pixel-api:3333</arg>
</arguments>
<msg timestamp="20200509 14:48:43.202" level="INFO">Creating Session using : alias=pixel, url=http://pixel-api:3333, headers={},                     cookies={}, auth=None, timeout=None, proxies=None, verify=False,                     debug=0 </msg>
<status status="PASS" starttime="20200509 14:48:43.201" endtime="20200509 14:48:43.203"></status>
</kw>
<msg timestamp="20200509 14:48:43.203" level="INFO">${endpoint} = pixel</msg>
<status status="PASS" starttime="20200509 14:48:43.200" endtime="20200509 14:48:43.203"></status>
</kw>
<kw name="Get Auth Token" library="services">
<arguments>
<arg>didico@ninjapixel.com</arg>
<arg>pwd123</arg>
<arg>${endpoint}</arg>
</arguments>
<assign>
<var>${token}</var>
</assign>
<kw name="Post Token" library="services">
<arguments>
<arg>${email}</arg>
<arg>${pass}</arg>
<arg>${endpoint}</arg>
</arguments>
<assign>
<var>${resp}</var>
</assign>
<kw name="Create Dictionary" library="BuiltIn">
<doc>Creates and returns a dictionary based on the given ``items``.</doc>
<arguments>
<arg>email=${email}</arg>
<arg>password=${pass}</arg>
</arguments>
<assign>
<var>&amp;{payload}</var>
</assign>
<msg timestamp="20200509 14:48:43.206" level="INFO">&amp;{payload} = { email=didico@ninjapixel.com | password=pwd123 }</msg>
<status status="PASS" starttime="20200509 14:48:43.204" endtime="20200509 14:48:43.206"></status>
</kw>
<kw name="Create Dictionary" library="BuiltIn">
<doc>Creates and returns a dictionary based on the given ``items``.</doc>
<arguments>
<arg>Content-Type=application/json</arg>
</arguments>
<assign>
<var>&amp;{headers}</var>
</assign>
<msg timestamp="20200509 14:48:43.207" level="INFO">&amp;{headers} = { Content-Type=application/json }</msg>
<status status="PASS" starttime="20200509 14:48:43.206" endtime="20200509 14:48:43.207"></status>
</kw>
<kw name="Post Request" library="RequestsLibrary">
<doc>Send a POST request on the session object found using the
given `alias`</doc>
<arguments>
<arg>${endpoint}</arg>
<arg>/auth</arg>
<arg>data=${payload}</arg>
<arg>headers=${headers}</arg>
</arguments>
<assign>
<var>${resp}</var>
</assign>
<msg timestamp="20200509 14:48:43.335" level="INFO">POST Request : url=http://pixel-api:3333/auth 
 path_url=/auth 
 headers={'User-Agent': 'python-requests/2.23.0', 'Accept-Encoding': 'gzip, deflate', 'Accept': '*/*', 'Connection': 'keep-alive', 'Content-Type': 'application/json', 'Content-Length': '56'} 
 body={"email": "didico@ninjapixel.com", "password": "pwd123"} 
 </msg>
<msg timestamp="20200509 14:48:43.335" level="INFO">POST Response : url=http://pixel-api:3333/auth 
 status=200, reason=OK 
 body={
    "token": "eyJ0eXAiOiJKV1QiLCJhbGciOiJIUzI1NiJ9.eyJpZCI6MSwiZXhwaXJlIjoiMjAyMC0wNS0wOVQxNzo1Mzo0My4zMzkrMDA6MDAifQ.D6H4P7IIwXLIVMpYUAE7gd9jK9NhOrZC-87SPUR52U8",
    "expire": "2020-05-09T17:53:43.339+00:00",
    "userId": 1
} 
 </msg>
<msg timestamp="20200509 14:48:43.335" level="INFO">${resp} = &lt;Response [200]&gt;</msg>
<status status="PASS" starttime="20200509 14:48:43.207" endtime="20200509 14:48:43.335"></status>
</kw>
<msg timestamp="20200509 14:48:43.336" level="INFO">${resp} = &lt;Response [200]&gt;</msg>
<status status="PASS" starttime="20200509 14:48:43.204" endtime="20200509 14:48:43.336"></status>
</kw>
<kw name="Convert To String" library="BuiltIn">
<doc>Converts the given item to a Unicode string.</doc>
<arguments>
<arg>${resp.json()['token']}</arg>
</arguments>
<assign>
<var>${token}</var>
</assign>
<msg timestamp="20200509 14:48:43.336" level="INFO">${token} = eyJ0eXAiOiJKV1QiLCJhbGciOiJIUzI1NiJ9.eyJpZCI6MSwiZXhwaXJlIjoiMjAyMC0wNS0wOVQxNzo1Mzo0My4zMzkrMDA6MDAifQ.D6H4P7IIwXLIVMpYUAE7gd9jK9NhOrZC-87SPUR52U8</msg>
<status status="PASS" starttime="20200509 14:48:43.336" endtime="20200509 14:48:43.336"></status>
</kw>
<msg timestamp="20200509 14:48:43.336" level="INFO">${token} = eyJ0eXAiOiJKV1QiLCJhbGciOiJIUzI1NiJ9.eyJpZCI6MSwiZXhwaXJlIjoiMjAyMC0wNS0wOVQxNzo1Mzo0My4zMzkrMDA6MDAifQ.D6H4P7IIwXLIVMpYUAE7gd9jK9NhOrZC-87SPUR52U8</msg>
<status status="PASS" starttime="20200509 14:48:43.203" endtime="20200509 14:48:43.336"></status>
</kw>
<kw name="Get Json" library="services">
<arguments>
<arg>no_title.json</arg>
</arguments>
<assign>
<var>${payload}</var>
</assign>
<kw name="Get File" library="OperatingSystem">
<doc>Returns the contents of a specified file.</doc>
<arguments>
<arg>${EXECDIR}/resources/fixtures/${json_file}</arg>
</arguments>
<assign>
<var>${file}</var>
</assign>
<msg timestamp="20200509 14:48:43.337" level="INFO" html="yes">Getting file '&lt;a href="file:///Users/adrianoalmeida/Documents/QANinja_Cursos/desafios_robocamp/adriano_desafio_03/resources/fixtures/no_title.json"&gt;/Users/adrianoalmeida/Documents/QANinja_Cursos/desafios_robocamp/adriano_desafio_03/resources/fixtures/no_title.json&lt;/a&gt;'.</msg>
<msg timestamp="20200509 14:48:43.337" level="FAIL">FileNotFoundError: [Errno 2] No such file or directory: '/Users/adrianoalmeida/Documents/QANinja_Cursos/desafios_robocamp/adriano_desafio_03/resources/fixtures/no_title.json'</msg>
<status status="FAIL" starttime="20200509 14:48:43.337" endtime="20200509 14:48:43.337"></status>
</kw>
<status status="FAIL" starttime="20200509 14:48:43.337" endtime="20200509 14:48:43.337"></status>
</kw>
<tags>
<tag>bad_request</tag>
</tags>
<status status="FAIL" starttime="20200509 14:48:43.200" endtime="20200509 14:48:43.338" critical="yes">FileNotFoundError: [Errno 2] No such file or directory: '/Users/adrianoalmeida/Documents/QANinja_Cursos/desafios_robocamp/adriano_desafio_03/resources/fixtures/no_title.json'</status>
</test>
<test id="s1-s2-s3-t3" name="Post Required Category">
<kw name="New Session" library="services">
<assign>
<var>${endpoint}</var>
</assign>
<kw name="Create Session" library="RequestsLibrary">
<doc>Create Session: create a HTTP session to a server</doc>
<arguments>
<arg>pixel</arg>
<arg>http://pixel-api:3333</arg>
</arguments>
<msg timestamp="20200509 14:48:43.339" level="INFO">Creating Session using : alias=pixel, url=http://pixel-api:3333, headers={},                     cookies={}, auth=None, timeout=None, proxies=None, verify=False,                     debug=0 </msg>
<status status="PASS" starttime="20200509 14:48:43.339" endtime="20200509 14:48:43.339"></status>
</kw>
<msg timestamp="20200509 14:48:43.339" level="INFO">${endpoint} = pixel</msg>
<status status="PASS" starttime="20200509 14:48:43.338" endtime="20200509 14:48:43.339"></status>
</kw>
<kw name="Get Auth Token" library="services">
<arguments>
<arg>didico@ninjapixel.com</arg>
<arg>pwd123</arg>
<arg>${endpoint}</arg>
</arguments>
<assign>
<var>${token}</var>
</assign>
<kw name="Post Token" library="services">
<arguments>
<arg>${email}</arg>
<arg>${pass}</arg>
<arg>${endpoint}</arg>
</arguments>
<assign>
<var>${resp}</var>
</assign>
<kw name="Create Dictionary" library="BuiltIn">
<doc>Creates and returns a dictionary based on the given ``items``.</doc>
<arguments>
<arg>email=${email}</arg>
<arg>password=${pass}</arg>
</arguments>
<assign>
<var>&amp;{payload}</var>
</assign>
<msg timestamp="20200509 14:48:43.341" level="INFO">&amp;{payload} = { email=didico@ninjapixel.com | password=pwd123 }</msg>
<status status="PASS" starttime="20200509 14:48:43.340" endtime="20200509 14:48:43.341"></status>
</kw>
<kw name="Create Dictionary" library="BuiltIn">
<doc>Creates and returns a dictionary based on the given ``items``.</doc>
<arguments>
<arg>Content-Type=application/json</arg>
</arguments>
<assign>
<var>&amp;{headers}</var>
</assign>
<msg timestamp="20200509 14:48:43.341" level="INFO">&amp;{headers} = { Content-Type=application/json }</msg>
<status status="PASS" starttime="20200509 14:48:43.341" endtime="20200509 14:48:43.341"></status>
</kw>
<kw name="Post Request" library="RequestsLibrary">
<doc>Send a POST request on the session object found using the
given `alias`</doc>
<arguments>
<arg>${endpoint}</arg>
<arg>/auth</arg>
<arg>data=${payload}</arg>
<arg>headers=${headers}</arg>
</arguments>
<assign>
<var>${resp}</var>
</assign>
<msg timestamp="20200509 14:48:43.814" level="INFO">POST Request : url=http://pixel-api:3333/auth 
 path_url=/auth 
 headers={'User-Agent': 'python-requests/2.23.0', 'Accept-Encoding': 'gzip, deflate', 'Accept': '*/*', 'Connection': 'keep-alive', 'Content-Type': 'application/json', 'Content-Length': '56'} 
 body={"email": "didico@ninjapixel.com", "password": "pwd123"} 
 </msg>
<msg timestamp="20200509 14:48:43.815" level="INFO">POST Response : url=http://pixel-api:3333/auth 
 status=200, reason=OK 
 body={
    "token": "eyJ0eXAiOiJKV1QiLCJhbGciOiJIUzI1NiJ9.eyJpZCI6MSwiZXhwaXJlIjoiMjAyMC0wNS0wOVQxNzo1Mzo0My44MTcrMDA6MDAifQ.iSVGHzFpaOrQAuwO4uLVyNSY9y2hewdpkMD262hWBSo",
    "expire": "2020-05-09T17:53:43.817+00:00",
    "userId": 1
} 
 </msg>
<msg timestamp="20200509 14:48:43.815" level="INFO">${resp} = &lt;Response [200]&gt;</msg>
<status status="PASS" starttime="20200509 14:48:43.341" endtime="20200509 14:48:43.815"></status>
</kw>
<msg timestamp="20200509 14:48:43.815" level="INFO">${resp} = &lt;Response [200]&gt;</msg>
<status status="PASS" starttime="20200509 14:48:43.340" endtime="20200509 14:48:43.815"></status>
</kw>
<kw name="Convert To String" library="BuiltIn">
<doc>Converts the given item to a Unicode string.</doc>
<arguments>
<arg>${resp.json()['token']}</arg>
</arguments>
<assign>
<var>${token}</var>
</assign>
<msg timestamp="20200509 14:48:43.816" level="INFO">${token} = eyJ0eXAiOiJKV1QiLCJhbGciOiJIUzI1NiJ9.eyJpZCI6MSwiZXhwaXJlIjoiMjAyMC0wNS0wOVQxNzo1Mzo0My44MTcrMDA6MDAifQ.iSVGHzFpaOrQAuwO4uLVyNSY9y2hewdpkMD262hWBSo</msg>
<status status="PASS" starttime="20200509 14:48:43.815" endtime="20200509 14:48:43.816"></status>
</kw>
<msg timestamp="20200509 14:48:43.817" level="INFO">${token} = eyJ0eXAiOiJKV1QiLCJhbGciOiJIUzI1NiJ9.eyJpZCI6MSwiZXhwaXJlIjoiMjAyMC0wNS0wOVQxNzo1Mzo0My44MTcrMDA6MDAifQ.iSVGHzFpaOrQAuwO4uLVyNSY9y2hewdpkMD262hWBSo</msg>
<status status="PASS" starttime="20200509 14:48:43.339" endtime="20200509 14:48:43.817"></status>
</kw>
<kw name="Get Json" library="services">
<arguments>
<arg>no_category.json</arg>
</arguments>
<assign>
<var>${payload}</var>
</assign>
<kw name="Get File" library="OperatingSystem">
<doc>Returns the contents of a specified file.</doc>
<arguments>
<arg>${EXECDIR}/resources/fixtures/${json_file}</arg>
</arguments>
<assign>
<var>${file}</var>
</assign>
<msg timestamp="20200509 14:48:43.819" level="INFO" html="yes">Getting file '&lt;a href="file:///Users/adrianoalmeida/Documents/QANinja_Cursos/desafios_robocamp/adriano_desafio_03/resources/fixtures/no_category.json"&gt;/Users/adrianoalmeida/Documents/QANinja_Cursos/desafios_robocamp/adriano_desafio_03/resources/fixtures/no_category.json&lt;/a&gt;'.</msg>
<msg timestamp="20200509 14:48:43.819" level="FAIL">FileNotFoundError: [Errno 2] No such file or directory: '/Users/adrianoalmeida/Documents/QANinja_Cursos/desafios_robocamp/adriano_desafio_03/resources/fixtures/no_category.json'</msg>
<status status="FAIL" starttime="20200509 14:48:43.818" endtime="20200509 14:48:43.819"></status>
</kw>
<status status="FAIL" starttime="20200509 14:48:43.817" endtime="20200509 14:48:43.819"></status>
</kw>
<tags>
<tag>bad_request</tag>
</tags>
<status status="FAIL" starttime="20200509 14:48:43.338" endtime="20200509 14:48:43.820" critical="yes">FileNotFoundError: [Errno 2] No such file or directory: '/Users/adrianoalmeida/Documents/QANinja_Cursos/desafios_robocamp/adriano_desafio_03/resources/fixtures/no_category.json'</status>
</test>
<test id="s1-s2-s3-t4" name="Post Required Price">
<kw name="New Session" library="services">
<assign>
<var>${endpoint}</var>
</assign>
<kw name="Create Session" library="RequestsLibrary">
<doc>Create Session: create a HTTP session to a server</doc>
<arguments>
<arg>pixel</arg>
<arg>http://pixel-api:3333</arg>
</arguments>
<msg timestamp="20200509 14:48:43.822" level="INFO">Creating Session using : alias=pixel, url=http://pixel-api:3333, headers={},                     cookies={}, auth=None, timeout=None, proxies=None, verify=False,                     debug=0 </msg>
<status status="PASS" starttime="20200509 14:48:43.822" endtime="20200509 14:48:43.823"></status>
</kw>
<msg timestamp="20200509 14:48:43.823" level="INFO">${endpoint} = pixel</msg>
<status status="PASS" starttime="20200509 14:48:43.822" endtime="20200509 14:48:43.823"></status>
</kw>
<kw name="Get Auth Token" library="services">
<arguments>
<arg>didico@ninjapixel.com</arg>
<arg>pwd123</arg>
<arg>${endpoint}</arg>
</arguments>
<assign>
<var>${token}</var>
</assign>
<kw name="Post Token" library="services">
<arguments>
<arg>${email}</arg>
<arg>${pass}</arg>
<arg>${endpoint}</arg>
</arguments>
<assign>
<var>${resp}</var>
</assign>
<kw name="Create Dictionary" library="BuiltIn">
[...]
<msg timestamp="20200509 14:48:44.689" level="FAIL">FileNotFoundError: [Errno 2] No such file or directory: '/Users/adrianoalmeida/Documents/QANinja_Cursos/desafios_robocamp/adriano_desafio_03/resources/fixtures/post.json'</msg>
<status status="FAIL" starttime="20200509 14:48:44.689" endtime="20200509 14:48:44.689"></status>
</kw>
<status status="FAIL" starttime="20200509 14:48:44.688" endtime="20200509 14:48:44.689"></status>
</kw>
<tags>
<tag>bad_request</tag>
</tags>
<status status="FAIL" starttime="20200509 14:48:44.562" endtime="20200509 14:48:44.690" critical="yes">FileNotFoundError: [Errno 2] No such file or directory: '/Users/adrianoalmeida/Documents/QANinja_Cursos/desafios_robocamp/adriano_desafio_03/resources/fixtures/post.json'</status>
</test>
<test id="s1-s2-s4-t4" name="Put Required Price">
<kw name="New Session" library="services">
<assign>
<var>${endpoint}</var>
</assign>
<kw name="Create Session" library="RequestsLibrary">
<doc>Create Session: create a HTTP session to a server</doc>
<arguments>
<arg>pixel</arg>
<arg>http://pixel-api:3333</arg>
</arguments>
<msg timestamp="20200509 14:48:44.692" level="INFO">Creating Session using : alias=pixel, url=http://pixel-api:3333, headers={},                     cookies={}, auth=None, timeout=None, proxies=None, verify=False,                     debug=0 </msg>
<status status="PASS" starttime="20200509 14:48:44.692" endtime="20200509 14:48:44.693"></status>
</kw>
<msg timestamp="20200509 14:48:44.693" level="INFO">${endpoint} = pixel</msg>
<status status="PASS" starttime="20200509 14:48:44.690" endtime="20200509 14:48:44.693"></status>
</kw>
<kw name="Get Auth Token" library="services">
<arguments>
<arg>didico@ninjapixel.com</arg>
<arg>pwd123</arg>
<arg>${endpoint}</arg>
</arguments>
<assign>
<var>${token}</var>
</assign>
<kw name="Post Token" library="services">
<arguments>
<arg>${email}</arg>
<arg>${pass}</arg>
<arg>${endpoint}</arg>
</arguments>
<assign>
<var>${resp}</var>
</assign>
<kw name="Create Dictionary" library="BuiltIn">
<doc>Creates and returns a dictionary based on the given ``items``.</doc>
<arguments>
<arg>email=${email}</arg>
<arg>password=${pass}</arg>
</arguments>
<assign>
<var>&amp;{payload}</var>
</assign>
<msg timestamp="20200509 14:48:44.696" level="INFO">&amp;{payload} = { email=didico@ninjapixel.com | password=pwd123 }</msg>
<status status="PASS" starttime="20200509 14:48:44.695" endtime="20200509 14:48:44.696"></status>
</kw>
<kw name="Create Dictionary" library="BuiltIn">
<doc>Creates and returns a dictionary based on the given ``items``.</doc>
<arguments>
<arg>Content-Type=application/json</arg>
</arguments>
<assign>
<var>&amp;{headers}</var>
</assign>
<msg timestamp="20200509 14:48:44.697" level="INFO">&amp;{headers} = { Content-Type=application/json }</msg>
<status status="PASS" starttime="20200509 14:48:44.696" endtime="20200509 14:48:44.697"></status>
</kw>
<kw name="Post Request" library="RequestsLibrary">
<doc>Send a POST request on the session object found using the
given `alias`</doc>
<arguments>
<arg>${endpoint}</arg>
<arg>/auth</arg>
<arg>data=${payload}</arg>
<arg>headers=${headers}</arg>
</arguments>
<assign>
<var>${resp}</var>
</assign>
<msg timestamp="20200509 14:48:44.817" level="INFO">POST Request : url=http://pixel-api:3333/auth 
 path_url=/auth 
 headers={'User-Agent': 'python-requests/2.23.0', 'Accept-Encoding': 'gzip, deflate', 'Accept': '*/*', 'Connection': 'keep-alive', 'Content-Type': 'application/json', 'Content-Length': '56'} 
 body={"email": "didico@ninjapixel.com", "password": "pwd123"} 
 </msg>
<msg timestamp="20200509 14:48:44.817" level="INFO">POST Response : url=http://pixel-api:3333/auth 
 status=200, reason=OK 
 body={
    "token": "eyJ0eXAiOiJKV1QiLCJhbGciOiJIUzI1NiJ9.eyJpZCI6MSwiZXhwaXJlIjoiMjAyMC0wNS0wOVQxNzo1Mzo0NC44MjMrMDA6MDAifQ.1keIAHsQg1fWY-ofuUp4EuRuCiNgcTbo173zZksMzSU",
    "expire": "2020-05-09T17:53:44.823+00:00",
    "userId": 1
} 
 </msg>
<msg timestamp="20200509 14:48:44.817" level="INFO">${resp} = &lt;Response [200]&gt;</msg>
<status status="PASS" starttime="20200509 14:48:44.697" endtime="20200509 14:48:44.818"></status>
</kw>
<msg timestamp="20200509 14:48:44.818" level="INFO">${resp} = &lt;Response [200]&gt;</msg>
<status status="PASS" starttime="20200509 14:48:44.695" endtime="20200509 14:48:44.818"></status>
</kw>
<kw name="Convert To String" library="BuiltIn">
<doc>Converts the given item to a Unicode string.</doc>
<arguments>
<arg>${resp.json()['token']}</arg>
</arguments>
<assign>
<var>${token}</var>
</assign>
<msg timestamp="20200509 14:48:44.818" level="INFO">${token} = eyJ0eXAiOiJKV1QiLCJhbGciOiJIUzI1NiJ9.eyJpZCI6MSwiZXhwaXJlIjoiMjAyMC0wNS0wOVQxNzo1Mzo0NC44MjMrMDA6MDAifQ.1keIAHsQg1fWY-ofuUp4EuRuCiNgcTbo173zZksMzSU</msg>
<status status="PASS" starttime="20200509 14:48:44.818" endtime="20200509 14:48:44.818"></status>
</kw>
<msg timestamp="20200509 14:48:44.819" level="INFO">${token} = eyJ0eXAiOiJKV1QiLCJhbGciOiJIUzI1NiJ9.eyJpZCI6MSwiZXhwaXJlIjoiMjAyMC0wNS0wOVQxNzo1Mzo0NC44MjMrMDA6MDAifQ.1keIAHsQg1fWY-ofuUp4EuRuCiNgcTbo173zZksMzSU</msg>
<status status="PASS" starttime="20200509 14:48:44.694" endtime="20200509 14:48:44.819"></status>
</kw>
<kw name="Get Json" library="services">
<arguments>
<arg>post.json</arg>
</arguments>
<assign>
<var>${payload}</var>
</assign>
<kw name="Get File" library="OperatingSystem">
<doc>Returns the contents of a specified file.</doc>
<arguments>
<arg>${EXECDIR}/resources/fixtures/${json_file}</arg>
</arguments>
<assign>
<var>${file}</var>
</assign>
<msg timestamp="20200509 14:48:44.830" level="INFO" html="yes">Getting file '&lt;a href="file:///Users/adrianoalmeida/Documents/QANinja_Cursos/desafios_robocamp/adriano_desafio_03/resources/fixtures/post.json"&gt;/Users/adrianoalmeida/Documents/QANinja_Cursos/desafios_robocamp/adriano_desafio_03/resources/fixtures/post.json&lt;/a&gt;'.</msg>
<msg timestamp="20200509 14:48:44.831" level="FAIL">FileNotFoundError: [Errno 2] No such file or directory: '/Users/adrianoalmeida/Documents/QANinja_Cursos/desafios_robocamp/adriano_desafio_03/resources/fixtures/post.json'</msg>
<status status="FAIL" starttime="20200509 14:48:44.824" endtime="20200509 14:48:44.831"></status>
</kw>
<status status="FAIL" starttime="20200509 14:48:44.819" endtime="20200509 14:48:44.831"></status>
</kw>
<tags>
<tag>bad_request</tag>
</tags>
<status status="FAIL" starttime="20200509 14:48:44.690" endtime="20200509 14:48:44.831" critical="yes">FileNotFoundError: [Errno 2] No such file or directory: '/Users/adrianoalmeida/Documents/QANinja_Cursos/desafios_robocamp/adriano_desafio_03/resources/fixtures/post.json'</status>
</test>
<test id="s1-s2-s4-t5" name="Put Not Foun">
<kw name="New Session" library="services">
<assign>
<var>${endpoint}</var>
</assign>
<kw name="Create Session" library="RequestsLibrary">
<doc>Create Session: create a HTTP session to a server</doc>
<arguments>
<arg>pixel</arg>
<arg>http://pixel-api:3333</arg>
</arguments>
<msg timestamp="20200509 14:48:44.833" level="INFO">Creating Session using : alias=pixel, url=http://pixel-api:3333, headers={},                     cookies={}, auth=None, timeout=None, proxies=None, verify=False,                     debug=0 </msg>
<status status="PASS" starttime="20200509 14:48:44.833" endtime="20200509 14:48:44.833"></status>
</kw>
<msg timestamp="20200509 14:48:44.834" level="INFO">${endpoint} = pixel</msg>
<status status="PASS" starttime="20200509 14:48:44.833" endtime="20200509 14:48:44.834"></status>
</kw>
<kw name="Get Auth Token" library="services">
<arguments>
<arg>didico@ninjapixel.com</arg>
<arg>pwd123</arg>
<arg>${endpoint}</arg>
</arguments>
<assign>
<var>${token}</var>
</assign>
<kw name="Post Token" library="services">
<arguments>
<arg>${email}</arg>
<arg>${pass}</arg>
<arg>${endpoint}</arg>
</arguments>
<assign>
<var>${resp}</var>
</assign>
<kw name="Create Dictionary" library="BuiltIn">
<doc>Creates and returns a dictionary based on the given ``items``.</doc>
<arguments>
<arg>email=${email}</arg>
<arg>password=${pass}</arg>
</arguments>
<assign>
<var>&amp;{payload}</var>
</assign>
<msg timestamp="20200509 14:48:44.838" level="INFO">&amp;{payload} = { email=didico@ninjapixel.com | password=pwd123 }</msg>
<status status="PASS" starttime="20200509 14:48:44.836" endtime="20200509 14:48:44.838"></status>
</kw>
<kw name="Create Dictionary" library="BuiltIn">
<doc>Creates and returns a dictionary based on the given ``items``.</doc>
<arguments>
<arg>Content-Type=application/json</arg>
</arguments>
<assign>
<var>&amp;{headers}</var>
</assign>
<msg timestamp="20200509 14:48:44.839" level="INFO">&amp;{headers} = { Content-Type=application/json }</msg>
<status status="PASS" starttime="20200509 14:48:44.838" endtime="20200509 14:48:44.839"></status>
</kw>
<kw name="Post Request" library="RequestsLibrary">
<doc>Send a POST request on the session object found using the
given `alias`</doc>
<arguments>
<arg>${endpoint}</arg>
<arg>/auth</arg>
<arg>data=${payload}</arg>
<arg>headers=${headers}</arg>
</arguments>
<assign>
<var>${resp}</var>
</assign>
<msg timestamp="20200509 14:48:45.056" level="INFO">POST Request : url=http://pixel-api:3333/auth 
 path_url=/auth 
 headers={'User-Agent': 'python-requests/2.23.0', 'Accept-Encoding': 'gzip, deflate', 'Accept': '*/*', 'Connection': 'keep-alive', 'Content-Type': 'application/json', 'Content-Length': '56'} 
 body={"email": "didico@ninjapixel.com", "password": "pwd123"} 
 </msg>
<msg timestamp="20200509 14:48:45.057" level="INFO">POST Response : url=http://pixel-api:3333/auth 
 status=200, reason=OK 
 body={
    "token": "eyJ0eXAiOiJKV1QiLCJhbGciOiJIUzI1NiJ9.eyJpZCI6MSwiZXhwaXJlIjoiMjAyMC0wNS0wOVQxNzo1Mzo0NS4wNjErMDA6MDAifQ.70GGB_es6pQGWag35WteIY7gdXAd6HfVPW9gtyIzvB8",
    "expire": "2020-05-09T17:53:45.061+00:00",
    "userId": 1
} 
 </msg>
<msg timestamp="20200509 14:48:45.057" level="INFO">${resp} = &lt;Response [200]&gt;</msg>
<status status="PASS" starttime="20200509 14:48:44.839" endtime="20200509 14:48:45.057"></status>
</kw>
<msg timestamp="20200509 14:48:45.057" level="INFO">${resp} = &lt;Response [200]&gt;</msg>
<status status="PASS" starttime="20200509 14:48:44.835" endtime="20200509 14:48:45.057"></status>
</kw>
<kw name="Convert To String" library="BuiltIn">
<doc>Converts the given item to a Unicode string.</doc>
<arguments>
<arg>${resp.json()['token']}</arg>
</arguments>
<assign>
<var>${token}</var>
</assign>
<msg timestamp="20200509 14:48:45.058" level="INFO">${token} = eyJ0eXAiOiJKV1QiLCJhbGciOiJIUzI1NiJ9.eyJpZCI6MSwiZXhwaXJlIjoiMjAyMC0wNS0wOVQxNzo1Mzo0NS4wNjErMDA6MDAifQ.70GGB_es6pQGWag35WteIY7gdXAd6HfVPW9gtyIzvB8</msg>
<status status="PASS" starttime="20200509 14:48:45.058" endtime="20200509 14:48:45.058"></status>
</kw>
<msg timestamp="20200509 14:48:45.059" level="INFO">${token} = eyJ0eXAiOiJKV1QiLCJhbGciOiJIUzI1NiJ9.eyJpZCI6MSwiZXhwaXJlIjoiMjAyMC0wNS0wOVQxNzo1Mzo0NS4wNjErMDA6MDAifQ.70GGB_es6pQGWag35WteIY7gdXAd6HfVPW9gtyIzvB8</msg>
<status status="PASS" starttime="20200509 14:48:44.834" endtime="20200509 14:48:45.059"></status>
</kw>
<kw name="Get Json" library="services">
<arguments>
<arg>update.json</arg>
</arguments>
<assign>
<var>${payload}</var>
</assign>
<kw name="Get File" library="OperatingSystem">
<doc>Returns the contents of a specified file.</doc>
<arguments>
<arg>${EXECDIR}/resources/fixtures/${json_file}</arg>
</arguments>
<assign>
<var>${file}</var>
</assign>
<msg timestamp="20200509 14:48:45.060" level="INFO" html="yes">Getting file '&lt;a href="file:///Users/adrianoalmeida/Documents/QANinja_Cursos/desafios_robocamp/adriano_desafio_03/resources/fixtures/update.json"&gt;/Users/adrianoalmeida/Documents/QANinja_Cursos/desafios_robocamp/adriano_desafio_03/resources/fixtures/update.json&lt;/a&gt;'.</msg>
<msg timestamp="20200509 14:48:45.060" level="FAIL">FileNotFoundError: [Errno 2] No such file or directory: '/Users/adrianoalmeida/Documents/QANinja_Cursos/desafios_robocamp/adriano_desafio_03/resources/fixtures/update.json'</msg>
<status status="FAIL" starttime="20200509 14:48:45.059" endtime="20200509 14:48:45.060"></status>
</kw>
<status status="FAIL" starttime="20200509 14:48:45.059" endtime="20200509 14:48:45.060"></status>
</kw>
<tags>
<tag>not_found</tag>
</tags>
<status status="FAIL" starttime="20200509 14:48:44.832" endtime="20200509 14:48:45.060" critical="yes">FileNotFoundError: [Errno 2] No such file or directory: '/Users/adrianoalmeida/Documents/QANinja_Cursos/desafios_robocamp/adriano_desafio_03/resources/fixtures/update.json'</status>
</test>
<test id="s1-s2-s4-t6" name="Put Duplicated Productct">
<kw name="New Session" library="services">
<assign>
<var>${endpoint}</var>
</assign>
<kw name="Create Session" library="RequestsLibrary">
<doc>Create Session: create a HTTP session to a server</doc>
<arguments>
<arg>pixel</arg>
<arg>http://pixel-api:3333</arg>
</arguments>
<msg timestamp="20200509 14:48:45.063" level="INFO">Creating Session using : alias=pixel, url=http://pixel-api:3333, headers={},                     cookies={}, auth=None, timeout=None, proxies=None, verify=False,                     debug=0 </msg>
<status status="PASS" starttime="20200509 14:48:45.062" endtime="20200509 14:48:45.063"></status>
</kw>
<msg timestamp="20200509 14:48:45.064" level="INFO">${endpoint} = pixel</msg>
<status status="PASS" starttime="20200509 14:48:45.062" endtime="20200509 14:48:45.064"></status>
</kw>
<kw name="Get Auth Token" library="services">
<arguments>
<arg>didico@ninjapixel.com</arg>
<arg>pwd123</arg>
<arg>${endpoint}</arg>
</arguments>
<assign>
<var>${token}</var>
</assign>
<kw name="Post Token" library="services">
<arguments>
<arg>${email}</arg>
<arg>${pass}</arg>
<arg>${endpoint}</arg>
</arguments>
<assign>
<var>${resp}</var>
</assign>
<kw name="Create Dictionary" library="BuiltIn">
<doc>Creates and returns a dictionary based on the given ``items``.</doc>
<arguments>
<arg>email=${email}</arg>
<arg>password=${pass}</arg>
</arguments>
<assign>
<var>&amp;{payload}</var>
</assign>
<msg timestamp="20200509 14:48:45.066" level="INFO">&amp;{payload} = { email=didico@ninjapixel.com | password=pwd123 }</msg>
<status status="PASS" starttime="20200509 14:48:45.065" endtime="20200509 14:48:45.066"></status>
</kw>
<kw name="Create Dictionary" library="BuiltIn">
<doc>Creates and returns a dictionary based on the given ``items``.</doc>
<arguments>
<arg>Content-Type=application/json</arg>
</arguments>
<assign>
<var>&amp;{headers}</var>
</assign>
<msg timestamp="20200509 14:48:45.067" level="INFO">&amp;{headers} = { Content-Type=application/json }</msg>
<status status="PASS" starttime="20200509 14:48:45.066" endtime="20200509 14:48:45.067"></status>
</kw>
<kw name="Post Request" library="RequestsLibrary">
<doc>Send a POST request on the session object found using the
given `alias`</doc>
<arguments>
<arg>${endpoint}</arg>
<arg>/auth</arg>
<arg>data=${payload}</arg>
<arg>headers=${headers}</arg>
</arguments>
<assign>
<var>${resp}</var>
</assign>
<msg timestamp="20200509 14:48:45.175" level="INFO">POST Request : url=http://pixel-api:3333/auth 
 path_url=/auth 
 headers={'User-Agent': 'python-requests/2.23.0', 'Accept-Encoding': 'gzip, deflate', 'Accept': '*/*', 'Connection': 'keep-alive', 'Content-Type': 'application/json', 'Content-Length': '56'} 
 body={"email": "didico@ninjapixel.com", "password": "pwd123"} 
 </msg>
<msg timestamp="20200509 14:48:45.175" level="INFO">POST Response : url=http://pixel-api:3333/auth 
 status=200, reason=OK 
 body={
    "token": "eyJ0eXAiOiJKV1QiLCJhbGciOiJIUzI1NiJ9.eyJpZCI6MSwiZXhwaXJlIjoiMjAyMC0wNS0wOVQxNzo1Mzo0NS4xODArMDA6MDAifQ.eaCwjqfya9390n12Q3xESSZQtJbjnvzI3xLR5CI5de8",
    "expire": "2020-05-09T17:53:45.180+00:00",
    "userId": 1
} 
 </msg>
<msg timestamp="20200509 14:48:45.175" level="INFO">${resp} = &lt;Response [200]&gt;</msg>
<status status="PASS" starttime="20200509 14:48:45.067" endtime="20200509 14:48:45.175"></status>
</kw>
<msg timestamp="20200509 14:48:45.175" level="INFO">${resp} = &lt;Response [200]&gt;</msg>
<status status="PASS" starttime="20200509 14:48:45.065" endtime="20200509 14:48:45.176"></status>
</kw>
<kw name="Convert To String" library="BuiltIn">
<doc>Converts the given item to a Unicode string.</doc>
<arguments>
<arg>${resp.json()['token']}</arg>
</arguments>
<assign>
<var>${token}</var>
</assign>
<msg timestamp="20200509 14:48:45.176" level="INFO">${token} = eyJ0eXAiOiJKV1QiLCJhbGciOiJIUzI1NiJ9.eyJpZCI6MSwiZXhwaXJlIjoiMjAyMC0wNS0wOVQxNzo1Mzo0NS4xODArMDA6MDAifQ.eaCwjqfya9390n12Q3xESSZQtJbjnvzI3xLR5CI5de8</msg>
<status status="PASS" starttime="20200509 14:48:45.176" endtime="20200509 14:48:45.176"></status>
</kw>
<msg timestamp="20200509 14:48:45.176" level="INFO">${token} = eyJ0eXAiOiJKV1QiLCJhbGciOiJIUzI1NiJ9.eyJpZCI6MSwiZXhwaXJlIjoiMjAyMC0wNS0wOVQxNzo1Mzo0NS4xODArMDA6MDAifQ.eaCwjqfya9390n12Q3xESSZQtJbjnvzI3xLR5CI5de8</msg>
<status status="PASS" starttime="20200509 14:48:45.064" endtime="20200509 14:48:45.176"></status>
</kw>
<kw name="Get Json" library="services">
<arguments>
<arg>post.json</arg>
</arguments>
<assign>
<var>${payload}</var>
</assign>
<kw name="Get File" library="OperatingSystem">
<doc>Returns the contents of a specified file.</doc>
<arguments>
<arg>${EXECDIR}/resources/fixtures/${json_file}</arg>
</arguments>
<assign>
<var>${file}</var>
</assign>
<msg timestamp="20200509 14:48:45.177" level="INFO" html="yes">Getting file '&lt;a href="file:///Users/adrianoalmeida/Documents/QANinja_Cursos/desafios_robocamp/adriano_desafio_03/resources/fixtures/post.json"&gt;/Users/adrianoalmeida/Documents/QANinja_Cursos/desafios_robocamp/adriano_desafio_03/resources/fixtures/post.json&lt;/a&gt;'.</msg>
<msg timestamp="20200509 14:48:45.177" level="FAIL">FileNotFoundError: [Errno 2] No such file or directory: '/Users/adrianoalmeida/Documents/QANinja_Cursos/desafios_robocamp/adriano_desafio_03/resources/fixtures/post.json'</msg>
<status status="FAIL" starttime="20200509 14:48:45.177" endtime="20200509 14:48:45.177"></status>
</kw>
<status status="FAIL" starttime="20200509 14:48:45.176" endtime="20200509 14:48:45.177"></status>
</kw>
<tags>
<tag>conflict</tag>
</tags>
<status status="FAIL" starttime="20200509 14:48:45.061" endtime="20200509 14:48:45.178" critical="yes">FileNotFoundError: [Errno 2] No such file or directory: '/Users/adrianoalmeida/Documents/QANinja_Cursos/desafios_robocamp/adriano_desafio_03/resources/fixtures/post.json'</status>
</test>
<doc>Pixel API na rota PUT /products</doc>
<status status="FAIL" starttime="20200509 14:48:44.210" endtime="20200509 14:48:45.179"></status>
</suite>
<status status="FAIL" starttime="20200509 14:48:41.732" endtime="20200509 14:48:45.182"></status>
</suite>
<status status="FAIL" starttime="20200509 14:48:40.696" endtime="20200509 14:48:45.186"></status>
</suite>
<statistics>
<total>
<stat pass="6" fail="15">Critical Tests</stat>
<stat pass="6" fail="15">All Tests</stat>
</total>
<tag>
<stat pass="2" fail="6">bad_request</stat>
<stat pass="0" fail="2">conflict</stat>
<stat pass="1" fail="2">not_found</stat>
<stat pass="0" fail="5">success</stat>
</tag>
<suite>
<stat pass="6" fail="15" id="s1" name="Tests">Tests</stat>
<stat pass="3" fail="0" id="s1-s1" name="Auth">Tests.Auth</stat>
<stat pass="3" fail="0" id="s1-s1-s1" name="Post Token">Tests.Auth.Post Token</stat>
<stat pass="3" fail="15" id="s1-s2" name="Products">Tests.Products</stat>
<stat pass="1" fail="2" id="s1-s2-s1" name="Delete Product">Tests.Products.Delete Product</stat>
<stat pass="2" fail="2" id="s1-s2-s2" name="Get Product">Tests.Products.Get Product</stat>
<stat pass="0" fail="5" id="s1-s2-s3" name="Post Product">Tests.Products.Post Product</stat>
<stat pass="0" fail="6" id="s1-s2-s4" name="Put Product">Tests.Products.Put Product</stat>
</suite>
</statistics>
<errors>
</errors>
</robot>
