<?xml version="1.0" encoding="UTF-8"?>
<robot generator="Robot 3.1.2 (Python 3.8.2 on darwin)" generated="20200423 09:00:53.842" rpa="false">
<suite id="s1" name="Cadastro" source="/Users/adrianoalmeida/Documents/QANinja_Cursos/desafios_robocamp/ninjapixel-02/tests/cadastro.robot">
<test id="s1-t1" name="Disponibilizar produto">
<kw name="Open Session" library="BasePage" type="setup">
<kw name="Open Browser" library="SeleniumLibrary">
<doc>Opens a new browser instance to the optional ``url``.</doc>
<arguments>
<arg>http://pixel-web:3000/login</arg>
<arg>chrome</arg>
</arguments>
<msg timestamp="20200423 09:00:54.135" level="INFO">Opening browser 'chrome' to base url 'http://pixel-web:3000/login'.</msg>
<status status="PASS" starttime="20200423 09:00:54.135" endtime="20200423 09:00:58.629"></status>
</kw>
<kw name="Set Selenium Implicit Wait" library="SeleniumLibrary">
<doc>Sets the implicit wait value used by Selenium.</doc>
<arguments>
<arg>5</arg>
</arguments>
<status status="PASS" starttime="20200423 09:00:58.630" endtime="20200423 09:00:58.635"></status>
</kw>
<status status="PASS" starttime="20200423 09:00:54.134" endtime="20200423 09:00:58.636"></status>
</kw>
<kw name="Dado que estou logado">
<kw name="Login With" library="LoginPage">
<arguments>
<arg>didico@ninjapixel.com</arg>
<arg>pwd123</arg>
</arguments>
<kw name="Input Text" library="SeleniumLibrary">
<doc>Types the given ``text`` into the text field identified by ``locator``.</doc>
<arguments>
<arg>id:emailId</arg>
<arg>${email}</arg>
</arguments>
<msg timestamp="20200423 09:00:58.638" level="INFO">Typing text 'didico@ninjapixel.com' into text field 'id:emailId'.</msg>
<status status="PASS" starttime="20200423 09:00:58.637" endtime="20200423 09:00:59.249"></status>
</kw>
<kw name="Input Text" library="SeleniumLibrary">
<doc>Types the given ``text`` into the text field identified by ``locator``.</doc>
<arguments>
<arg>id:passId</arg>
<arg>${pass}</arg>
</arguments>
<msg timestamp="20200423 09:00:59.249" level="INFO">Typing text 'pwd123' into text field 'id:passId'.</msg>
<status status="PASS" starttime="20200423 09:00:59.249" endtime="20200423 09:00:59.348"></status>
</kw>
<kw name="Click Element" library="SeleniumLibrary">
<doc>Click the element identified by ``locator``.</doc>
<arguments>
<arg>class:btn</arg>
</arguments>
<msg timestamp="20200423 09:00:59.348" level="INFO">Clicking element 'class:btn'.</msg>
<status status="PASS" starttime="20200423 09:00:59.348" endtime="20200423 09:00:59.418"></status>
</kw>
<status status="PASS" starttime="20200423 09:00:58.637" endtime="20200423 09:00:59.418"></status>
</kw>
<status status="PASS" starttime="20200423 09:00:58.637" endtime="20200423 09:00:59.418"></status>
</kw>
<kw name="Quando eu faço o cadastro desse produto">
<arguments>
<arg>dk.json</arg>
</arguments>
<kw name="Get File" library="OperatingSystem">
<doc>Returns the contents of a specified file.</doc>
<arguments>
<arg>tests/fixtures/${json_file}</arg>
</arguments>
<assign>
<var>${product_file}</var>
</assign>
<msg timestamp="20200423 09:00:59.419" level="INFO" html="yes">Getting file '&lt;a href="file:///Users/adrianoalmeida/Documents/QANinja_Cursos/desafios_robocamp/ninjapixel-02/tests/fixtures/dk.json"&gt;/Users/adrianoalmeida/Documents/QANinja_Cursos/desafios_robocamp/ninjapixel-02/tests/fixtures/dk.json&lt;/a&gt;'.</msg>
<msg timestamp="20200423 09:00:59.419" level="INFO">${product_file} = {
    "name": "Donkey Kong",
    "cat": "Super Nintendo",
    "price": "49.99",
    "desc": "Um jogo muito divertido!"
}</msg>
<status status="PASS" starttime="20200423 09:00:59.418" endtime="20200423 09:00:59.419"></status>
</kw>
<kw name="Evaluate" library="BuiltIn">
<doc>Evaluates the given expression in Python and returns the results.</doc>
<arguments>
<arg>json.loads($product_file)</arg>
<arg>json</arg>
</arguments>
<assign>
<var>${product_json}</var>
</assign>
<msg timestamp="20200423 09:00:59.427" level="INFO">${product_json} = {'name': 'Donkey Kong', 'cat': 'Super Nintendo', 'price': '49.99', 'desc': 'Um jogo muito divertido!'}</msg>
<status status="PASS" starttime="20200423 09:00:59.420" endtime="20200423 09:00:59.427"></status>
</kw>
<kw name="Click Element" library="SeleniumLibrary">
<doc>Click the element identified by ``locator``.</doc>
<arguments>
<arg>class:product-add</arg>
</arguments>
<msg timestamp="20200423 09:00:59.428" level="INFO">Clicking element 'class:product-add'.</msg>
<status status="PASS" starttime="20200423 09:00:59.427" endtime="20200423 09:01:00.137"></status>
</kw>
<kw name="Input Text" library="SeleniumLibrary">
<doc>Types the given ``text`` into the text field identified by ``locator``.</doc>
<arguments>
<arg>css:input[name=title]</arg>
<arg>${product_json['name']}</arg>
</arguments>
<msg timestamp="20200423 09:01:00.138" level="INFO">Typing text 'Donkey Kong' into text field 'css:input[name=title]'.</msg>
<status status="PASS" starttime="20200423 09:01:00.137" endtime="20200423 09:01:00.730"></status>
</kw>
<kw name="Click Element" library="SeleniumLibrary">
<doc>Click the element identified by ``locator``.</doc>
<arguments>
<arg>css:input[placeholder=Gategoria]</arg>
</arguments>
<msg timestamp="20200423 09:01:00.731" level="INFO">Clicking element 'css:input[placeholder=Gategoria]'.</msg>
<status status="PASS" starttime="20200423 09:01:00.731" endtime="20200423 09:01:00.825"></status>
</kw>
<kw name="Click Element" library="SeleniumLibrary">
<doc>Click the element identified by ``locator``.</doc>
<arguments>
<arg>xpath://li/span[text()='${product_json['cat']}']</arg>
</arguments>
<msg timestamp="20200423 09:01:00.825" level="INFO">Clicking element 'xpath://li/span[text()='Super Nintendo']'.</msg>
<status status="PASS" starttime="20200423 09:01:00.825" endtime="20200423 09:01:00.984"></status>
</kw>
<kw name="Input Text" library="SeleniumLibrary">
<doc>Types the given ``text`` into the text field identified by ``locator``.</doc>
<arguments>
<arg>css:input[name=price]</arg>
<arg>${product_json['price']}</arg>
</arguments>
<msg timestamp="20200423 09:01:00.984" level="INFO">Typing text '49.99' into text field 'css:input[name=price]'.</msg>
<status status="PASS" starttime="20200423 09:01:00.984" endtime="20200423 09:01:01.111"></status>
</kw>
<kw name="Sleep" library="BuiltIn">
<doc>Pauses the test executed for the given time.</doc>
<arguments>
<arg>5</arg>
</arguments>
<msg timestamp="20200423 09:01:06.112" level="INFO">Slept 5 seconds</msg>
<status status="PASS" starttime="20200423 09:01:01.111" endtime="20200423 09:01:06.112"></status>
</kw>
<status status="PASS" starttime="20200423 09:00:59.418" endtime="20200423 09:01:06.113"></status>
</kw>
<kw name="Devo ver este item no catálogo">
<msg timestamp="20200423 09:01:06.123" level="FAIL">No keyword with name 'Devo ver este item no catálogo' found.</msg>
<status status="FAIL" starttime="20200423 09:01:06.123" endtime="20200423 09:01:06.123"></status>
</kw>
<kw name="Close Session" library="BasePage" type="teardown">
<kw name="Close Browser" library="SeleniumLibrary">
<doc>Closes the current browser.</doc>
<status status="PASS" starttime="20200423 09:01:06.124" endtime="20200423 09:01:06.261"></status>
</kw>
<status status="PASS" starttime="20200423 09:01:06.124" endtime="20200423 09:01:06.263"></status>
</kw>
<status status="FAIL" starttime="20200423 09:00:54.134" endtime="20200423 09:01:06.263" critical="yes">No keyword with name 'Devo ver este item no catálogo' found.</status>
</test>
<doc>Cadastro de produtos
Sendo um administrador de catálogo
Quero cadastrar produtos
Para que eu possa disponibiliza-los na loja virtual</doc>
<status status="FAIL" starttime="20200423 09:00:53.844" endtime="20200423 09:01:06.265"></status>
</suite>
<statistics>
<total>
<stat pass="0" fail="1">Critical Tests</stat>
<stat pass="0" fail="1">All Tests</stat>
</total>
<tag>
</tag>
<suite>
<stat pass="0" fail="1" id="s1" name="Cadastro">Cadastro</stat>
</suite>
</statistics>
<errors>
</errors>
</robot>
