<?xml version="1.0" encoding="UTF-8"?>
<robot generator="Robot 3.1.2 (Python 3.8.2 on darwin)" generated="20200506 19:11:15.752" rpa="false">
<suite id="s1" name="Login" source="/Users/adrianoalmeida/Documents/QANinja_Cursos/desafios_robocamp/ninjapixel-aula-04/tests/login.robot">
<kw name="Open Session" library="BasePage" type="setup">
<kw name="Open Chrome" library="BasePage">
<kw name="Open Browser" library="SeleniumLibrary">
<doc>Opens a new browser instance to the optional ``url``.</doc>
<arguments>
<arg>${base_url}/login</arg>
<arg>chrome</arg>
<arg>options=add_experimental_option('excludeSwitches', ['enable-logging'])</arg>
</arguments>
<msg timestamp="20200506 19:11:16.314" level="INFO">Opening browser 'chrome' to base url 'http://pixel-web:3000/login'.</msg>
<status status="PASS" starttime="20200506 19:11:16.310" endtime="20200506 19:11:23.111"></status>
</kw>
<status status="PASS" starttime="20200506 19:11:16.310" endtime="20200506 19:11:23.112"></status>
</kw>
<kw name="Set Selenium Implicit Wait" library="SeleniumLibrary">
<doc>Sets the implicit wait value used by Selenium.</doc>
<arguments>
<arg>5</arg>
</arguments>
<status status="PASS" starttime="20200506 19:11:23.112" endtime="20200506 19:11:23.114"></status>
</kw>
<kw name="Set Window Size" library="SeleniumLibrary">
<doc>Sets current windows size to given ``width`` and ``height``.</doc>
<arguments>
<arg>1280</arg>
<arg>800</arg>
</arguments>
<status status="PASS" starttime="20200506 19:11:23.114" endtime="20200506 19:11:24.143"></status>
</kw>
<status status="PASS" starttime="20200506 19:11:16.309" endtime="20200506 19:11:24.143"></status>
</kw>
<test id="s1-t1" name="Login com sucesso">
<kw name="Dado que eu acesso a página de login" library="actions">
<kw name="Go To" library="SeleniumLibrary">
<doc>Navigates the current browser window to the provided ``url``.</doc>
<arguments>
<arg>${base_url}/login</arg>
</arguments>
<msg timestamp="20200506 19:11:24.146" level="INFO">Opening url 'http://pixel-web:3000/login'</msg>
<status status="PASS" starttime="20200506 19:11:24.145" endtime="20200506 19:11:25.049"></status>
</kw>
<status status="PASS" starttime="20200506 19:11:24.145" endtime="20200506 19:11:25.049"></status>
</kw>
<kw name="Quando eu submeto minhas credenciais &quot;didico@ninjapixel.com&quot; e &quot;pwd123&quot;" library="actions">
<kw name="Login With" library="LoginPage">
<arguments>
<arg>${email}</arg>
<arg>${pass}</arg>
</arguments>
<kw name="Input Text" library="SeleniumLibrary">
<doc>Types the given ``text`` into the text field identified by ``locator``.</doc>
<arguments>
<arg>id:emailId</arg>
<arg>${email}</arg>
</arguments>
<msg timestamp="20200506 19:11:25.052" level="INFO">Typing text 'didico@ninjapixel.com' into text field 'id:emailId'.</msg>
<status status="PASS" starttime="20200506 19:11:25.051" endtime="20200506 19:11:25.469"></status>
</kw>
<kw name="Input Text" library="SeleniumLibrary">
<doc>Types the given ``text`` into the text field identified by ``locator``.</doc>
<arguments>
<arg>id:passId</arg>
<arg>${pass}</arg>
</arguments>
<msg timestamp="20200506 19:11:25.469" level="INFO">Typing text 'pwd123' into text field 'id:passId'.</msg>
<status status="PASS" starttime="20200506 19:11:25.469" endtime="20200506 19:11:25.670"></status>
</kw>
<kw name="Click Element" library="SeleniumLibrary">
<doc>Click the element identified by ``locator``.</doc>
<arguments>
<arg>class:btn</arg>
</arguments>
<msg timestamp="20200506 19:11:25.671" level="INFO">Clicking element 'class:btn'.</msg>
<status status="PASS" starttime="20200506 19:11:25.671" endtime="20200506 19:11:25.827"></status>
</kw>
<status status="PASS" starttime="20200506 19:11:25.050" endtime="20200506 19:11:25.827"></status>
</kw>
<status status="PASS" starttime="20200506 19:11:25.049" endtime="20200506 19:11:25.828"></status>
</kw>
<kw name="Entao devo ser autenticado" library="actions">
<kw name="Wait Until Element Is Visible" library="SeleniumLibrary">
<doc>Waits until the element ``locator`` is visible.</doc>
<arguments>
<arg>${LOGGED_USER}</arg>
</arguments>
<status status="PASS" starttime="20200506 19:11:25.829" endtime="20200506 19:11:26.618"></status>
</kw>
<kw name="Element Text Should Be" library="SeleniumLibrary">
<doc>Verifies that element ``locator`` contains exact the text ``expected``.</doc>
<arguments>
<arg>${LOGGED_USER}</arg>
<arg>Papito</arg>
</arguments>
<msg timestamp="20200506 19:11:26.619" level="INFO">Verifying element 'css:.user .info span' contains exact text 'Papito'.</msg>
<kw name="Capture Page Screenshot" library="SeleniumLibrary">
<doc>Takes a screenshot of the current page and embeds it into a log file.</doc>
<msg timestamp="20200506 19:11:27.428" level="INFO" html="yes">&lt;/td&gt;&lt;/tr&gt;&lt;tr&gt;&lt;td colspan="3"&gt;&lt;a href="selenium-screenshot-1.png"&gt;&lt;img src="selenium-screenshot-1.png" width="800px"&gt;&lt;/a&gt;</msg>
<status status="PASS" starttime="20200506 19:11:26.647" endtime="20200506 19:11:27.428"></status>
</kw>
<msg timestamp="20200506 19:11:27.456" level="FAIL">The text of element 'css:.user .info span' should have been 'Papito' but it was ''.</msg>
<status status="FAIL" starttime="20200506 19:11:26.618" endtime="20200506 19:11:27.456"></status>
</kw>
<status status="FAIL" starttime="20200506 19:11:25.828" endtime="20200506 19:11:27.456"></status>
</kw>
<kw name="After Test WCLS" library="BasePage" type="teardown">
<kw name="Capture Page Screenshot" library="SeleniumLibrary">
<doc>Takes a screenshot of the current page and embeds it into a log file.</doc>
<msg timestamp="20200506 19:11:28.258" level="INFO" html="yes">&lt;/td&gt;&lt;/tr&gt;&lt;tr&gt;&lt;td colspan="3"&gt;&lt;a href="selenium-screenshot-2.png"&gt;&lt;img src="selenium-screenshot-2.png" width="800px"&gt;&lt;/a&gt;</msg>
<status status="PASS" starttime="20200506 19:11:27.457" endtime="20200506 19:11:28.258"></status>
</kw>
<kw name="Execute Javascript" library="SeleniumLibrary">
<doc>Executes the given JavaScript code with possible arguments.</doc>
<arguments>
<arg>localStorage.clear();</arg>
</arguments>
<msg timestamp="20200506 19:11:28.259" level="INFO">Executing JavaScript:
localStorage.clear();
Without any arguments.</msg>
<status status="PASS" starttime="20200506 19:11:28.258" endtime="20200506 19:11:28.264"></status>
</kw>
<status status="PASS" starttime="20200506 19:11:27.457" endtime="20200506 19:11:28.265"></status>
</kw>
<tags>
<tag>login</tag>
</tags>
<status status="FAIL" starttime="20200506 19:11:24.144" endtime="20200506 19:11:28.265" critical="yes">The text of element 'css:.user .info span' should have been 'Papito' but it was ''.</status>
</test>
<test id="s1-t2" name="Senha incorreta">
<kw name="Tentativa de login">
<arguments>
<arg>didico@ninjapixel.com</arg>
<arg>abc123</arg>
<arg>Usuário e/ou senha inválidos</arg>
</arguments>
<kw name="Dado que eu acesso a página de login" library="actions">
<kw name="Go To" library="SeleniumLibrary">
<doc>Navigates the current browser window to the provided ``url``.</doc>
<arguments>
<arg>${base_url}/login</arg>
</arguments>
<msg timestamp="20200506 19:11:28.271" level="INFO">Opening url 'http://pixel-web:3000/login'</msg>
<status status="PASS" starttime="20200506 19:11:28.270" endtime="20200506 19:11:28.854"></status>
</kw>
<status status="PASS" starttime="20200506 19:11:28.269" endtime="20200506 19:11:28.854"></status>
</kw>
<kw name="Quando eu submeto minhas credenciais &quot;${email}&quot; e &quot;${pass}&quot;" library="actions">
<kw name="Login With" library="LoginPage">
<arguments>
<arg>${email}</arg>
<arg>${pass}</arg>
</arguments>
<kw name="Input Text" library="SeleniumLibrary">
<doc>Types the given ``text`` into the text field identified by ``locator``.</doc>
<arguments>
<arg>id:emailId</arg>
<arg>${email}</arg>
</arguments>
<msg timestamp="20200506 19:11:28.856" level="INFO">Typing text 'didico@ninjapixel.com' into text field 'id:emailId'.</msg>
<status status="PASS" starttime="20200506 19:11:28.856" endtime="20200506 19:11:29.199"></status>
</kw>
<kw name="Input Text" library="SeleniumLibrary">
<doc>Types the given ``text`` into the text field identified by ``locator``.</doc>
<arguments>
<arg>id:passId</arg>
<arg>${pass}</arg>
</arguments>
<msg timestamp="20200506 19:11:29.200" level="INFO">Typing text 'abc123' into text field 'id:passId'.</msg>
<status status="PASS" starttime="20200506 19:11:29.200" endtime="20200506 19:11:29.362"></status>
</kw>
<kw name="Click Element" library="SeleniumLibrary">
<doc>Click the element identified by ``locator``.</doc>
<arguments>
<arg>class:btn</arg>
</arguments>
<msg timestamp="20200506 19:11:29.362" level="INFO">Clicking element 'class:btn'.</msg>
<status status="PASS" starttime="20200506 19:11:29.362" endtime="20200506 19:11:29.481"></status>
</kw>
<status status="PASS" starttime="20200506 19:11:28.855" endtime="20200506 19:11:29.481"></status>
</kw>
<status status="PASS" starttime="20200506 19:11:28.854" endtime="20200506 19:11:29.481"></status>
</kw>
<kw name="Entao devo ver uma mensagem de alerta &quot;${saida}&quot;" library="actions">
<kw name="Wait Until Element Contains" library="SeleniumLibrary">
<doc>Waits until the element ``locator`` contains ``text``.</doc>
<arguments>
<arg>class:alert</arg>
<arg>${expect_message}</arg>
</arguments>
<status status="PASS" starttime="20200506 19:11:29.483" endtime="20200506 19:11:29.789"></status>
</kw>
<status status="PASS" starttime="20200506 19:11:29.482" endtime="20200506 19:11:29.789"></status>
</kw>
<status status="PASS" starttime="20200506 19:11:28.268" endtime="20200506 19:11:29.789"></status>
</kw>
<kw name="After Test" library="BasePage" type="teardown">
<kw name="Capture Page Screenshot" library="SeleniumLibrary">
<doc>Takes a screenshot of the current page and embeds it into a log file.</doc>
<msg timestamp="20200506 19:11:32.567" level="INFO" html="yes">&lt;/td&gt;&lt;/tr&gt;&lt;tr&gt;&lt;td colspan="3"&gt;&lt;a href="selenium-screenshot-3.png"&gt;&lt;img src="selenium-screenshot-3.png" width="800px"&gt;&lt;/a&gt;</msg>
<status status="PASS" starttime="20200506 19:11:29.790" endtime="20200506 19:11:32.568"></status>
</kw>
<status status="PASS" starttime="20200506 19:11:29.789" endtime="20200506 19:11:32.568"></status>
</kw>
<status status="PASS" starttime="20200506 19:11:28.267" endtime="20200506 19:11:32.568" critical="yes"></status>
</test>
<test id="s1-t3" name="Email não existe">
<kw name="Tentativa de login">
<arguments>
<arg>404@yahoo</arg>
<arg>abc123</arg>
<arg>Usuário e/ou senha inválidos</arg>
</arguments>
<kw name="Dado que eu acesso a página de login" library="actions">
<kw name="Go To" library="SeleniumLibrary">
<doc>Navigates the current browser window to the provided ``url``.</doc>
<arguments>
<arg>${base_url}/login</arg>
</arguments>
<msg timestamp="20200506 19:11:32.572" level="INFO">Opening url 'http://pixel-web:3000/login'</msg>
<status status="PASS" starttime="20200506 19:11:32.572" endtime="20200506 19:11:33.280"></status>
</kw>
<status status="PASS" starttime="20200506 19:11:32.571" endtime="20200506 19:11:33.281"></status>
</kw>
<kw name="Quando eu submeto minhas credenciais &quot;${email}&quot; e &quot;${pass}&quot;" library="actions">
<kw name="Login With" library="LoginPage">
<arguments>
<arg>${email}</arg>
<arg>${pass}</arg>
</arguments>
<kw name="Input Text" library="SeleniumLibrary">
<doc>Types the given ``text`` into the text field identified by ``locator``.</doc>
<arguments>
<arg>id:emailId</arg>
<arg>${email}</arg>
</arguments>
<msg timestamp="20200506 19:11:33.282" level="INFO">Typing text '404@yahoo' into text field 'id:emailId'.</msg>
<status status="PASS" starttime="20200506 19:11:33.281" endtime="20200506 19:11:33.475"></status>
</kw>
<kw name="Input Text" library="SeleniumLibrary">
<doc>Types the given ``text`` into the text field identified by ``locator``.</doc>
<arguments>
<arg>id:passId</arg>
<arg>${pass}</arg>
</arguments>
<msg timestamp="20200506 19:11:33.475" level="INFO">Typing text 'abc123' into text field 'id:passId'.</msg>
<status status="PASS" starttime="20200506 19:11:33.475" endtime="20200506 19:11:33.725"></status>
</kw>
<kw name="Click Element" library="SeleniumLibrary">
<doc>Click the element identified by ``locator``.</doc>
<arguments>
<arg>class:btn</arg>
</arguments>
<msg timestamp="20200506 19:11:33.726" level="INFO">Clicking element 'class:btn'.</msg>
<status status="PASS" starttime="20200506 19:11:33.726" endtime="20200506 19:11:33.830"></status>
</kw>
<status status="PASS" starttime="20200506 19:11:33.281" endtime="20200506 19:11:33.830"></status>
</kw>
<status status="PASS" starttime="20200506 19:11:33.281" endtime="20200506 19:11:33.831"></status>
</kw>
<kw name="Entao devo ver uma mensagem de alerta &quot;${saida}&quot;" library="actions">
<kw name="Wait Until Element Contains" library="SeleniumLibrary">
<doc>Waits until the element ``locator`` contains ``text``.</doc>
<arguments>
<arg>class:alert</arg>
<arg>${expect_message}</arg>
</arguments>
<status status="PASS" starttime="20200506 19:11:33.832" endtime="20200506 19:11:34.159"></status>
</kw>
<status status="PASS" starttime="20200506 19:11:33.831" endtime="20200506 19:11:34.159"></status>
</kw>
<status status="PASS" starttime="20200506 19:11:32.570" endtime="20200506 19:11:34.160"></status>
</kw>
<kw name="After Test" library="BasePage" type="teardown">
<kw name="Capture Page Screenshot" library="SeleniumLibrary">
<doc>Takes a screenshot of the current page and embeds it into a log file.</doc>
<msg timestamp="20200506 19:11:37.532" level="INFO" html="yes">&lt;/td&gt;&lt;/tr&gt;&lt;tr&gt;&lt;td colspan="3"&gt;&lt;a href="selenium-screenshot-4.png"&gt;&lt;img src="selenium-screenshot-4.png" width="800px"&gt;&lt;/a&gt;</msg>
<status status="PASS" starttime="20200506 19:11:34.160" endtime="20200506 19:11:37.532"></status>
</kw>
<status status="PASS" starttime="20200506 19:11:34.160" endtime="20200506 19:11:37.532"></status>
</kw>
<status status="PASS" starttime="20200506 19:11:32.569" endtime="20200506 19:11:37.532" critical="yes"></status>
</test>
<test id="s1-t4" name="Email Obrigatório">
<kw name="Tentativa de login">
<arguments>
<arg>${EMPTY}</arg>
<arg>abc123</arg>
<arg>Opps. Informe o seu email!</arg>
</arguments>
<kw name="Dado que eu acesso a página de login" library="actions">
<kw name="Go To" library="SeleniumLibrary">
<doc>Navigates the current browser window to the provided ``url``.</doc>
<arguments>
<arg>${base_url}/login</arg>
</arguments>
<msg timestamp="20200506 19:11:37.535" level="INFO">Opening url 'http://pixel-web:3000/login'</msg>
<status status="PASS" starttime="20200506 19:11:37.534" endtime="20200506 19:11:38.132"></status>
</kw>
<status status="PASS" starttime="20200506 19:11:37.534" endtime="20200506 19:11:38.132"></status>
</kw>
<kw name="Quando eu submeto minhas credenciais &quot;${email}&quot; e &quot;${pass}&quot;" library="actions">
<kw name="Login With" library="LoginPage">
<arguments>
<arg>${email}</arg>
<arg>${pass}</arg>
</arguments>
<kw name="Input Text" library="SeleniumLibrary">
<doc>Types the given ``text`` into the text field identified by ``locator``.</doc>
<arguments>
<arg>id:emailId</arg>
<arg>${email}</arg>
</arguments>
<msg timestamp="20200506 19:11:38.134" level="INFO">Typing text '' into text field 'id:emailId'.</msg>
<status status="PASS" starttime="20200506 19:11:38.134" endtime="20200506 19:11:38.270"></status>
</kw>
<kw name="Input Text" library="SeleniumLibrary">
<doc>Types the given ``text`` into the text field identified by ``locator``.</doc>
<arguments>
<arg>id:passId</arg>
<arg>${pass}</arg>
</arguments>
<msg timestamp="20200506 19:11:38.271" level="INFO">Typing text 'abc123' into text field 'id:passId'.</msg>
<status status="PASS" starttime="20200506 19:11:38.271" endtime="20200506 19:11:38.480"></status>
</kw>
<kw name="Click Element" library="SeleniumLibrary">
<doc>Click the element identified by ``locator``.</doc>
<arguments>
<arg>class:btn</arg>
</arguments>
<msg timestamp="20200506 19:11:38.482" level="INFO">Clicking element 'class:btn'.</msg>
<status status="PASS" starttime="20200506 19:11:38.481" endtime="20200506 19:11:38.627"></status>
</kw>
<status status="PASS" starttime="20200506 19:11:38.133" endtime="20200506 19:11:38.628"></status>
</kw>
<status status="PASS" starttime="20200506 19:11:38.132" endtime="20200506 19:11:38.628"></status>
</kw>
<kw name="Entao devo ver uma mensagem de alerta &quot;${saida}&quot;" library="actions">
<kw name="Wait Until Element Contains" library="SeleniumLibrary">
<doc>Waits until the element ``locator`` contains ``text``.</doc>
<arguments>
<arg>class:alert</arg>
<arg>${expect_message}</arg>
</arguments>
<status status="PASS" starttime="20200506 19:11:38.629" endtime="20200506 19:11:38.778"></status>
</kw>
<status status="PASS" starttime="20200506 19:11:38.628" endtime="20200506 19:11:38.778"></status>
</kw>
<status status="PASS" starttime="20200506 19:11:37.533" endtime="20200506 19:11:38.778"></status>
</kw>
<kw name="After Test" library="BasePage" type="teardown">
<kw name="Capture Page Screenshot" library="SeleniumLibrary">
<doc>Takes a screenshot of the current page and embeds it into a log file.</doc>
<msg timestamp="20200506 19:11:41.642" level="INFO" html="yes">&lt;/td&gt;&lt;/tr&gt;&lt;tr&gt;&lt;td colspan="3"&gt;&lt;a href="selenium-screenshot-5.png"&gt;&lt;img src="selenium-screenshot-5.png" width="800px"&gt;&lt;/a&gt;</msg>
<status status="PASS" starttime="20200506 19:11:38.779" endtime="20200506 19:11:41.642"></status>
</kw>
<status status="PASS" starttime="20200506 19:11:38.778" endtime="20200506 19:11:41.642"></status>
</kw>
<status status="PASS" starttime="20200506 19:11:37.532" endtime="20200506 19:11:41.642" critical="yes"></status>
</test>
<test id="s1-t5" name="Senha Obrigatória">
<kw name="Tentativa de login">
<arguments>
<arg>papito@ninjapixel.com</arg>
<arg>${EMPTY}</arg>
<arg>Opps. Informe a sua senha!</arg>
</arguments>
<kw name="Dado que eu acesso a página de login" library="actions">
<kw name="Go To" library="SeleniumLibrary">
<doc>Navigates the current browser window to the provided ``url``.</doc>
<arguments>
<arg>${base_url}/login</arg>
</arguments>
<msg timestamp="20200506 19:11:41.645" level="INFO">Opening url 'http://pixel-web:3000/login'</msg>
<status status="PASS" starttime="20200506 19:11:41.645" endtime="20200506 19:11:42.365"></status>
</kw>
<status status="PASS" starttime="20200506 19:11:41.644" endtime="20200506 19:11:42.366"></status>
</kw>
<kw name="Quando eu submeto minhas credenciais &quot;${email}&quot; e &quot;${pass}&quot;" library="actions">
<kw name="Login With" library="LoginPage">
<arguments>
<arg>${email}</arg>
<arg>${pass}</arg>
</arguments>
<kw name="Input Text" library="SeleniumLibrary">
<doc>Types the given ``text`` into the text field identified by ``locator``.</doc>
<arguments>
<arg>id:emailId</arg>
<arg>${email}</arg>
</arguments>
<msg timestamp="20200506 19:11:42.368" level="INFO">Typing text 'papito@ninjapixel.com' into text field 'id:emailId'.</msg>
<status status="PASS" starttime="20200506 19:11:42.367" endtime="20200506 19:11:42.691"></status>
</kw>
<kw name="Input Text" library="SeleniumLibrary">
<doc>Types the given ``text`` into the text field identified by ``locator``.</doc>
<arguments>
<arg>id:passId</arg>
<arg>${pass}</arg>
</arguments>
<msg timestamp="20200506 19:11:42.691" level="INFO">Typing text '' into text field 'id:passId'.</msg>
<status status="PASS" starttime="20200506 19:11:42.691" endtime="20200506 19:11:42.938"></status>
</kw>
<kw name="Click Element" library="SeleniumLibrary">
<doc>Click the element identified by ``locator``.</doc>
<arguments>
<arg>class:btn</arg>
</arguments>
<msg timestamp="20200506 19:11:42.938" level="INFO">Clicking element 'class:btn'.</msg>
<status status="PASS" starttime="20200506 19:11:42.938" endtime="20200506 19:11:43.004"></status>
</kw>
<status status="PASS" starttime="20200506 19:11:42.367" endtime="20200506 19:11:43.005"></status>
</kw>
<status status="PASS" starttime="20200506 19:11:42.366" endtime="20200506 19:11:43.005"></status>
</kw>
<kw name="Entao devo ver uma mensagem de alerta &quot;${saida}&quot;" library="actions">
<kw name="Wait Until Element Contains" library="SeleniumLibrary">
<doc>Waits until the element ``locator`` contains ``text``.</doc>
<arguments>
<arg>class:alert</arg>
<arg>${expect_message}</arg>
</arguments>
<status status="PASS" starttime="20200506 19:11:43.005" endtime="20200506 19:11:43.176"></status>
</kw>
<status status="PASS" starttime="20200506 19:11:43.005" endtime="20200506 19:11:43.176"></status>
</kw>
<status status="PASS" starttime="20200506 19:11:41.643" endtime="20200506 19:11:43.176"></status>
</kw>
<kw name="After Test" library="BasePage" type="teardown">
<kw name="Capture Page Screenshot" library="SeleniumLibrary">
<doc>Takes a screenshot of the current page and embeds it into a log file.</doc>
<msg timestamp="20200506 19:11:46.119" level="INFO" html="yes">&lt;/td&gt;&lt;/tr&gt;&lt;tr&gt;&lt;td colspan="3"&gt;&lt;a href="selenium-screenshot-6.png"&gt;&lt;img src="selenium-screenshot-6.png" width="800px"&gt;&lt;/a&gt;</msg>
<status status="PASS" starttime="20200506 19:11:43.177" endtime="20200506 19:11:46.120"></status>
</kw>
<status status="PASS" starttime="20200506 19:11:43.177" endtime="20200506 19:11:46.120"></status>
</kw>
<status status="PASS" starttime="20200506 19:11:41.643" endtime="20200506 19:11:46.120" critical="yes"></status>
</test>
<kw name="Close Session" library="BasePage" type="teardown">
<kw name="Close Browser" library="SeleniumLibrary">
<doc>Closes the current browser.</doc>
<status status="PASS" starttime="20200506 19:11:46.125" endtime="20200506 19:11:46.363"></status>
</kw>
<status status="PASS" starttime="20200506 19:11:46.124" endtime="20200506 19:11:46.365"></status>
</kw>
<doc>Login
Sendo um administrador de catálogo
Quero me autenticar no sistema
Para que eu possa gerenciar o catálogo de produtos</doc>
<status status="FAIL" starttime="20200506 19:11:15.757" endtime="20200506 19:11:46.365"></status>
</suite>
<statistics>
<total>
<stat pass="4" fail="1">Critical Tests</stat>
<stat pass="4" fail="1">All Tests</stat>
</total>
<tag>
<stat pass="0" fail="1">login</stat>
</tag>
<suite>
<stat pass="4" fail="1" id="s1" name="Login">Login</stat>
</suite>
</statistics>
<errors>
<msg timestamp="20200506 19:11:15.806" level="ERROR">Error in file '/Users/adrianoalmeida/Documents/QANinja_Cursos/desafios_robocamp/ninjapixel-aula-04/resources/actions.robot': Importing test library '/Users/adrianoalmeida/Documents/QANinja_Cursos/desafios_robocamp/ninjapixel-aula-04/resources/libs/db.py' failed: ModuleNotFoundError: No module named 'psycopg2'
Traceback (most recent call last):
  File "/Users/adrianoalmeida/Documents/QANinja_Cursos/desafios_robocamp/ninjapixel-aula-04/resources/libs/db.py", line 1, in &lt;module&gt;
    import psycopg2
PYTHONPATH:
  /Library/Frameworks/Python.framework/Versions/3.8/bin
  /Library/Frameworks/Python.framework/Versions/3.8/lib/python38.zip
  /Library/Frameworks/Python.framework/Versions/3.8/lib/python3.8
  /Library/Frameworks/Python.framework/Versions/3.8/lib/python3.8/lib-dynload
  /Users/adrianoalmeida/Library/Python/3.8/lib/python/site-packages
  /Library/Frameworks/Python.framework/Versions/3.8/lib/python3.8/site-packages</msg>
</errors>
</robot>
