<?xml version="1.0" encoding="UTF-8"?>
<robot generator="Robot 3.1.2 (Python 3.8.2 on darwin)" generated="20200421 10:12:40.992" rpa="false">
<suite id="s1" name="Login" source="/Users/adrianoalmeida/Documents/QANinja_Cursos/desafios_robocamp/ninjapixel/tests/login.robot">
<test id="s1-t1" name="Login com sucesso">
<kw name="Dado que eu acesso a página de login">
<kw name="Open Browser" library="SeleniumLibrary">
<doc>Opens a new browser instance to the optional ``url``.</doc>
<arguments>
<arg>http://pixel-web:3000/login</arg>
<arg>chrome</arg>
</arguments>
<msg timestamp="20200421 10:12:41.243" level="INFO">Opening browser 'chrome' to base url 'http://pixel-web:3000/login'.</msg>
<status status="PASS" starttime="20200421 10:12:41.242" endtime="20200421 10:12:45.516"></status>
</kw>
<status status="PASS" starttime="20200421 10:12:41.242" endtime="20200421 10:12:45.516"></status>
</kw>
<kw name="Quando eu submeto minhas credenciais &quot;papito@ninjapixel.com&quot; e &quot;pwd123&quot;">
<kw name="Input Text" library="SeleniumLibrary">
<doc>Types the given ``text`` into the text field identified by ``locator``.</doc>
<arguments>
<arg>id:emailId</arg>
<arg>${email}</arg>
</arguments>
<msg timestamp="20200421 10:12:45.517" level="INFO">Typing text 'papito@ninjapixel.com' into text field 'id:emailId'.</msg>
<status status="PASS" starttime="20200421 10:12:45.517" endtime="20200421 10:12:45.906"></status>
</kw>
<kw name="Input Text" library="SeleniumLibrary">
<doc>Types the given ``text`` into the text field identified by ``locator``.</doc>
<arguments>
<arg>id:passId</arg>
<arg>${pass}</arg>
</arguments>
<msg timestamp="20200421 10:12:45.906" level="INFO">Typing text 'pwd123' into text field 'id:passId'.</msg>
<status status="PASS" starttime="20200421 10:12:45.906" endtime="20200421 10:12:46.004"></status>
</kw>
<kw name="Click Element" library="SeleniumLibrary">
<doc>Click the element identified by ``locator``.</doc>
<arguments>
<arg>class:btn</arg>
</arguments>
<msg timestamp="20200421 10:12:46.004" level="INFO">Clicking element 'class:btn'.</msg>
<status status="PASS" starttime="20200421 10:12:46.004" endtime="20200421 10:12:46.092"></status>
</kw>
<status status="PASS" starttime="20200421 10:12:45.516" endtime="20200421 10:12:46.092"></status>
</kw>
<kw name="Entao devo ser autenticado">
<kw name="Wait Until Page Contains" library="SeleniumLibrary">
<doc>Waits until ``text`` appears on the current page.</doc>
<arguments>
<arg>Papito</arg>
</arguments>
<status status="PASS" starttime="20200421 10:12:46.093" endtime="20200421 10:12:46.156"></status>
</kw>
<kw name="Close Browser" library="SeleniumLibrary">
<doc>Closes the current browser.</doc>
<status status="PASS" starttime="20200421 10:12:46.156" endtime="20200421 10:12:46.304"></status>
</kw>
<status status="PASS" starttime="20200421 10:12:46.092" endtime="20200421 10:12:46.304"></status>
</kw>
<status status="PASS" starttime="20200421 10:12:41.241" endtime="20200421 10:12:46.304" critical="yes"></status>
</test>
<test id="s1-t2" name="Senha incorreta">
<kw name="Dado que eu acesso a página de login">
<kw name="Open Browser" library="SeleniumLibrary">
<doc>Opens a new browser instance to the optional ``url``.</doc>
<arguments>
<arg>http://pixel-web:3000/login</arg>
<arg>chrome</arg>
</arguments>
<msg timestamp="20200421 10:12:46.306" level="INFO">Opening browser 'chrome' to base url 'http://pixel-web:3000/login'.</msg>
<status status="PASS" starttime="20200421 10:12:46.306" endtime="20200421 10:12:50.313"></status>
</kw>
<status status="PASS" starttime="20200421 10:12:46.306" endtime="20200421 10:12:50.314"></status>
</kw>
<kw name="Quando eu submeto minhas credenciais com senha incorreta">
<kw name="Input Text" library="SeleniumLibrary">
<doc>Types the given ``text`` into the text field identified by ``locator``.</doc>
<arguments>
<arg>id:emailId</arg>
<arg>papito@ninjapixel.com</arg>
</arguments>
<msg timestamp="20200421 10:12:50.315" level="INFO">Typing text 'papito@ninjapixel.com' into text field 'id:emailId'.</msg>
<status status="PASS" starttime="20200421 10:12:50.315" endtime="20200421 10:12:50.491"></status>
</kw>
<kw name="Input Text" library="SeleniumLibrary">
<doc>Types the given ``text`` into the text field identified by ``locator``.</doc>
<arguments>
<arg>id:passId</arg>
<arg>teste123</arg>
</arguments>
<msg timestamp="20200421 10:12:50.491" level="INFO">Typing text 'teste123' into text field 'id:passId'.</msg>
<status status="PASS" starttime="20200421 10:12:50.491" endtime="20200421 10:12:50.605"></status>
</kw>
<kw name="Click Element" library="SeleniumLibrary">
<doc>Click the element identified by ``locator``.</doc>
<arguments>
<arg>class:btn</arg>
</arguments>
<msg timestamp="20200421 10:12:50.605" level="INFO">Clicking element 'class:btn'.</msg>
<status status="PASS" starttime="20200421 10:12:50.605" endtime="20200421 10:12:50.948"></status>
</kw>
<status status="PASS" starttime="20200421 10:12:50.314" endtime="20200421 10:12:50.948"></status>
</kw>
<kw name="Entao devo ver uma mensagem de alerta &quot;Usuário e/ou senha inválidos&quot;">
<kw name="Wait Until Page Contains" library="SeleniumLibrary">
<doc>Waits until ``text`` appears on the current page.</doc>
<arguments>
<arg>${mensagem}</arg>
</arguments>
<status status="PASS" starttime="20200421 10:12:50.949" endtime="20200421 10:12:51.294"></status>
</kw>
<kw name="Get WebElement" library="SeleniumLibrary">
<doc>Returns the first WebElement matching the given ``locator``.</doc>
<arguments>
<arg>class:alert-danger</arg>
</arguments>
<assign>
<var>${message}</var>
</assign>
<msg timestamp="20200421 10:12:51.309" level="INFO">${message} = &lt;selenium.webdriver.remote.webelement.WebElement (session="32f220ae29d12408016e26c3b94e862c", element="9916a141-9009-46c3-9e16-8ae6846ef47b")&gt;</msg>
<status status="PASS" starttime="20200421 10:12:51.294" endtime="20200421 10:12:51.309"></status>
</kw>
<kw name="Should Contain" library="BuiltIn">
<doc>Fails if ``container`` does not contain ``item`` one or more times.</doc>
<arguments>
<arg>${message.text}</arg>
<arg>${mensagem}</arg>
</arguments>
<status status="PASS" starttime="20200421 10:12:51.309" endtime="20200421 10:12:51.323"></status>
</kw>
<kw name="Close Browser" library="SeleniumLibrary">
<doc>Closes the current browser.</doc>
<status status="PASS" starttime="20200421 10:12:51.323" endtime="20200421 10:12:51.526"></status>
</kw>
<status status="PASS" starttime="20200421 10:12:50.949" endtime="20200421 10:12:51.526"></status>
</kw>
<status status="PASS" starttime="20200421 10:12:46.305" endtime="20200421 10:12:51.526" critical="yes"></status>
</test>
<doc>Login
Sendo um administrador de catálogo
Quero me autenticar no sistema
Para que eu possa gerenciar o catálogo de produtos</doc>
<status status="PASS" starttime="20200421 10:12:40.993" endtime="20200421 10:12:51.528"></status>
</suite>
<statistics>
<total>
<stat pass="2" fail="0">Critical Tests</stat>
<stat pass="2" fail="0">All Tests</stat>
</total>
<tag>
</tag>
<suite>
<stat pass="2" fail="0" id="s1" name="Login">Login</stat>
</suite>
</statistics>
<errors>
</errors>
</robot>
